#
# A fatal error has been detected by the Java Runtime Environment:
#
#  SIGSEGV (0xb) at pc=0x00007f100be151ba, pid=29226, tid=0x00007f0fe775e700
#
# JRE version: Java(TM) SE Runtime Environment (8.0_111-b14) (build 1.8.0_111-b14)
# Java VM: Java HotSpot(TM) 64-Bit Server VM (25.111-b14 mixed mode linux-amd64 compressed oops)
# Problematic frame:
# V  [libjvm.so+0x6eb1ba]  jni_GetLongField+0xaa
#
# Failed to write core dump. Core dumps have been disabled. To enable core dumping, try "ulimit -c unlimited" before starting Java again
#
# If you would like to submit a bug report, please visit:
#   http://bugreport.java.com/bugreport/crash.jsp
#

---------------  T H R E A D  ---------------

Current thread (0x00007f1004233800):  JavaThread "AWT-XAWT" daemon [_thread_in_vm, id=29255, stack(0x00007f0fe765e000,0x00007f0fe775f000)]

siginfo: si_signo: 11 (SIGSEGV), si_code: 1 (SEGV_MAPERR), si_addr: 0x0000000000000000

Registers:
RAX=0x00007f100c6de159, RBX=0x00007f1004233800, RCX=0x00007f100d13f320, RDX=0x00007f100c6e91f0
RSP=0x00007f0fe775d620, RBP=0x00007f0fe775d650, RSI=0x0000000000000000, RDI=0x00007f10042339f8
R8 =0x00000000f1169a38, R9 =0x00000000f137ac08, R10=0x00007f0ff510ae44, R11=0x00007f0ff510ae18
R12=0x0000000000000042, R13=0x0000000000000000, R14=0x00007f100c6edf80, R15=0x00007f100c6e9200
RIP=0x00007f100be151ba, EFLAGS=0x0000000000010246, CSGSFS=0x002b000000000033, ERR=0x0000000000000004
  TRAPNO=0x000000000000000e

Top of Stack: (sp=0x00007f0fe775d620)
0x00007f0fe775d620:   00007f0fe775d650 00007f10042339f8
0x00007f0fe775d630:   00007f0f980a02a0 0000000000000000
0x00007f0fe775d640:   00007f0fed7ac7e0 00007f1004233800
0x00007f0fe775d650:   00007f0fe775d680 00007f0fed58aee1
0x00007f0fe775d660:   00007f100860abb8 00007f0f980a02a0
0x00007f0fe775d670:   00007f0fe775d730 00007f0fe775d700
0x00007f0fe775d680:   0000000000000000 00007f0fed06d300
0x00007f0fe775d690:   00007f100860abb8 00007f0fe775d6c0
0x00007f0fe775d6a0:   0000000000000000 00007f0fed064e23
0x00007f0fe775d6b0:   00007f0fe775d730 00007f0fed58411f
0x00007f0fe775d6c0:   00007f0fe775d710 00007f0ff510aeb6
0x00007f0fe775d6d0:   0000000000000000 00007f0ff526e336
0x00007f0fe775d6e0:   00007f0fe775d730 00000000f137af98
0x00007f0fe775d6f0:   0000000000800003 00000000f137af98
0x00007f0fe775d700:   00000000f137bd10 0000000000000001
0x00007f0fe775d710:   00007f0fe775d790 00007f0ff5007b10
0x00007f0fe775d720:   00007f0fe775d790 00007f0ff5007b10
0x00007f0fe775d730:   0000000000000000 00007f0ff5007e50
0x00007f0fe775d740:   00007f0fa0001730 00000000f13e2540
0x00007f0fe775d750:   00007f0fe775d750 00007f10085e972c
0x00007f0fe775d760:   00007f0fe775d7d8 00007f10085f2988
0x00007f0fe775d770:   0000000000000000 00007f10085e9868
0x00007f0fe775d780:   00007f0fe775d730 00007f0fe775d7d0
0x00007f0fe775d790:   00007f0fe775d820 00007f0ff500833d
0x00007f0fe775d7a0:   0000000000000000 00000000f198be70
0x00007f0fe775d7b0:   0000000000000000 0000000000000000
0x00007f0fe775d7c0:   0000000000000000 00000000f13e2540
0x00007f0fe775d7d0:   0000000000000000 00000000f13aec00
0x00007f0fe775d7e0:   00007f0fe775d7e0 00007f10085e956d
0x00007f0fe775d7f0:   00007f0fe775d830 00007f10085f2988
0x00007f0fe775d800:   0000000000000000 00007f10085e9578
0x00007f0fe775d810:   00007f0fe775d7d0 00007f0fe775d830 

Instructions: (pc=0x00007f100be151ba)
0x00007f100be1519a:   a9 00 00 00 30 74 08 48 89 df e8 47 5b 38 00 48
0x00007f100be151aa:   8b 05 80 7f 88 00 c7 83 70 02 00 00 06 00 00 00
0x00007f100be151ba:   49 8b 55 00 80 38 00 0f 84 c1 00 00 00 48 8b 05
0x00007f100be151ca:   9a 59 88 00 8b 72 08 8b 48 08 48 d3 e6 48 03 30 

Register to memory mapping:

RAX=0x00007f100c6de159: <offset 0xfb4159> in /home/priscylla/jdk1.8.0_111/jre/lib/amd64/server/libjvm.so at 0x00007f100b72a000
RBX=0x00007f1004233800 is a thread
RCX=0x00007f100d13f320: <offset 0x21a320> in /lib/x86_64-linux-gnu/libpthread.so.0 at 0x00007f100cf25000
RDX=0x00007f100c6e91f0: <offset 0xfbf1f0> in /home/priscylla/jdk1.8.0_111/jre/lib/amd64/server/libjvm.so at 0x00007f100b72a000
RSP=0x00007f0fe775d620 is pointing into the stack for thread: 0x00007f1004233800
RBP=0x00007f0fe775d650 is pointing into the stack for thread: 0x00007f1004233800
RSI=0x0000000000000000 is an unknown value
RDI=0x00007f10042339f8 is an unknown value
R8 =0x00000000f1169a38 is an oop
[I 
 - klass: {type array int}
 - length: 9
R9 =0x00000000f137ac08 is an oop
sun.util.logging.PlatformLogger$DefaultLoggerProxy 
 - klass: 'sun/util/logging/PlatformLogger$DefaultLoggerProxy'
R10=0x00007f0ff510ae44 is at entry_point+68 in (nmethod*)0x00007f0ff510ac90
R11=0x00007f0ff510ae18 is at entry_point+24 in (nmethod*)0x00007f0ff510ac90
R12=0x0000000000000042 is an unknown value
R13=0x0000000000000000 is an unknown value
R14=0x00007f100c6edf80: <offset 0xfc3f80> in /home/priscylla/jdk1.8.0_111/jre/lib/amd64/server/libjvm.so at 0x00007f100b72a000
R15=0x00007f100c6e9200: <offset 0xfbf200> in /home/priscylla/jdk1.8.0_111/jre/lib/amd64/server/libjvm.so at 0x00007f100b72a000


Stack: [0x00007f0fe765e000,0x00007f0fe775f000],  sp=0x00007f0fe775d620,  free space=1021k
Native frames: (J=compiled Java code, j=interpreted, Vv=VM code, C=native code)
V  [libjvm.so+0x6eb1ba]  jni_GetLongField+0xaa
C  [libawt_xawt.so+0x36ee1]  getX11InputMethodData+0x31
C  [libX11.so.6+0x64300]  _XimServerDestroy+0x70

Java frames: (J=compiled Java code, j=interpreted, Vv=VM code)
J 1146  sun.awt.X11.XlibWrapper.XFilterEvent(JJ)Z (0 bytes) @ 0x00007f0ff510ae44 [0x00007f0ff510ae00+0x44]
j  sun.awt.X11.XToolkit.run(Z)V+300
j  sun.awt.X11.XToolkit.run()V+5
j  java.lang.Thread.run()V+11
v  ~StubRoutines::call_stub

---------------  P R O C E S S  ---------------

Java Threads: ( => current thread )
  0x00007f0fc8002800 JavaThread "SIGHUP handler" daemon [_thread_blocked, id=29732, stack(0x00007f0f9f04e000,0x00007f0f9f14f000)]
  0x00007f0f8c044800 JavaThread "XToolkt-Shutdown-Thread" [_thread_blocked, id=29723, stack(0x00007f0f9f14f000,0x00007f0f9f250000)]
  0x00007f0fc8001800 JavaThread "SIGHUP handler" daemon [_thread_blocked, id=29722, stack(0x00007f0f9fbfe000,0x00007f0f9fcff000)]
  0x00007f0f980a5000 JavaThread "TimerQueue" daemon [_thread_blocked, id=29260, stack(0x00007f0f9f250000,0x00007f0f9f351000)]
  0x00007f0f98007000 JavaThread "org.netbeans.modules.debugger.jpda.visual AWT Access Loop" daemon [_thread_blocked, id=29258, stack(0x00007f0f9feff000,0x00007f0fa0000000)]
  0x00007f100400d000 JavaThread "DestroyJavaVM" [_thread_blocked, id=29231, stack(0x00007f100d252000,0x00007f100d352000)]
  0x00007f10042e1000 JavaThread "AWT-EventQueue-0" [_thread_blocked, id=29257, stack(0x00007f0fe4033000,0x00007f0fe4134000)]
  0x00007f10042e0000 JavaThread "AWT-Shutdown" [_thread_blocked, id=29256, stack(0x00007f0fe4134000,0x00007f0fe4235000)]
=>0x00007f1004233800 JavaThread "AWT-XAWT" daemon [_thread_in_vm, id=29255, stack(0x00007f0fe765e000,0x00007f0fe775f000)]
  0x00007f1004217000 JavaThread "Java2D Disposer" daemon [_thread_blocked, id=29254, stack(0x00007f0fec0a1000,0x00007f0fec1a2000)]
  0x00007f10040d3000 JavaThread "Service Thread" daemon [_thread_blocked, id=29252, stack(0x00007f0fedb80000,0x00007f0fedc81000)]
  0x00007f10040cf800 JavaThread "C1 CompilerThread2" daemon [_thread_blocked, id=29251, stack(0x00007f0fedc82000,0x00007f0fedd82000)]
  0x00007f10040cd800 JavaThread "C2 CompilerThread1" daemon [_thread_blocked, id=29250, stack(0x00007f0fedd83000,0x00007f0fede83000)]
  0x00007f10040ca800 JavaThread "C2 CompilerThread0" daemon [_thread_blocked, id=29249, stack(0x00007f0fede84000,0x00007f0fedf84000)]
  0x00007f0fcc001000 JavaThread "JDWP Command Reader" daemon [_thread_in_native, id=29247, stack(0x00007f0fedf84000,0x00007f0fee085000)]
  0x00007f10040c8800 JavaThread "JDWP Event Helper Thread" daemon [_thread_blocked, id=29246, stack(0x00007f0fee085000,0x00007f0fee186000)]
  0x00007f10040c5000 JavaThread "JDWP Transport Listener: dt_socket" daemon [_thread_blocked, id=29243, stack(0x00007f0fee186000,0x00007f0fee287000)]
  0x00007f10040b8800 JavaThread "Signal Dispatcher" daemon [_thread_blocked, id=29242, stack(0x00007f0fee48b000,0x00007f0fee58c000)]
  0x00007f1004087000 JavaThread "Finalizer" daemon [_thread_blocked, id=29241, stack(0x00007f0fee58c000,0x00007f0fee68d000)]
  0x00007f1004082800 JavaThread "Reference Handler" daemon [_thread_blocked, id=29239, stack(0x00007f0fee68d000,0x00007f0fee78e000)]

Other Threads:
  0x00007f100407a800 VMThread [stack: 0x00007f0fee78f000,0x00007f0fee88f000] [id=29238]
  0x00007f10040d6000 WatcherThread [stack: 0x00007f0feda80000,0x00007f0fedb80000] [id=29253]

VM state:not at safepoint (normal execution)

VM Mutex/Monitor currently owned by a thread: None

Heap:
 PSYoungGen      total 13824K, used 10082K [0x00000000f1100000, 0x00000000f2000000, 0x0000000100000000)
  eden space 12288K, 82% used [0x00000000f1100000,0x00000000f1ad8bf0,0x00000000f1d00000)
  from space 1536K, 0% used [0x00000000f1e80000,0x00000000f1e80000,0x00000000f2000000)
  to   space 1536K, 0% used [0x00000000f1d00000,0x00000000f1d00000,0x00000000f1e80000)
 ParOldGen       total 31744K, used 0K [0x00000000d3200000, 0x00000000d5100000, 0x00000000f1100000)
  object space 31744K, 0% used [0x00000000d3200000,0x00000000d3200000,0x00000000d5100000)
 Metaspace       used 14931K, capacity 15112K, committed 15488K, reserved 1062912K
  class space    used 1817K, capacity 1895K, committed 1920K, reserved 1048576K

Card table byte_map: [0x00007f1008fb9000,0x00007f1009121000] byte_map_base: 0x00007f1008920000

Marking Bits: (ParMarkBitMap*) 0x00007f100c6ed220
 Begin Bits: [0x00007f0fee990000, 0x00007f0fef4c8000)
 End Bits:   [0x00007f0fef4c8000, 0x00007f0ff0000000)

Polling page: 0x00007f100d368000

CodeCache: size=245760Kb used=3746Kb max_used=3747Kb free=242013Kb
 bounds [0x00007f0ff5000000, 0x00007f0ff53b0000, 0x00007f1004000000]
 total_blobs=1698 nmethods=1132 adapters=489
 compilation: enabled

Compilation events (10 events):
Event: 1130,002 Thread 0x00007f10040cf800 1145       3       sun.awt.X11.XEvent::getPData (5 bytes)
Event: 1130,003 Thread 0x00007f10040cf800 nmethod 1145 0x00007f0ff5128e10 code [0x00007f0ff5128f60, 0x00007f0ff51290b0]
Event: 1141,809 Thread 0x00007f10040cf800 1147       3       sun.awt.XSettings$Update::getINT32 (175 bytes)
Event: 1141,810 Thread 0x00007f10040cf800 nmethod 1147 0x00007f0ff510c010 code [0x00007f0ff510c1a0, 0x00007f0ff510c508]
Event: 1143,611 Thread 0x00007f10040cf800 1148       3       sun.awt.X11.XDropTargetEventProcessor::doProcessEvent (221 bytes)
Event: 1143,632 Thread 0x00007f10040cf800 nmethod 1148 0x00007f0ff53aa110 code [0x00007f0ff53aa660, 0x00007f0ff53adad8]
Event: 1146,129 Thread 0x00007f10040cf800 1149   !   3       java.util.Vector$Itr::next (63 bytes)
Event: 1146,130 Thread 0x00007f10040cf800 nmethod 1149 0x00007f0ff5113890 code [0x00007f0ff5113a60, 0x00007f0ff5114118]
Event: 1146,131 Thread 0x00007f10040cf800 1150       3       java.util.Vector$Itr::checkForComodification (23 bytes)
Event: 1146,131 Thread 0x00007f10040cf800 nmethod 1150 0x00007f0ff510bad0 code [0x00007f0ff510bc60, 0x00007f0ff510be88]

GC Heap History (0 events):
No events

Deoptimization events (10 events):
Event: 7,634 Thread 0x00007f0f98040800 Uncommon trap: reason=unstable_if action=reinterpret pc=0x00007f0ff51b89a8 method=java.lang.String.<init>([CII)V @ 18
Event: 7,887 Thread 0x00007f10042e1000 Uncommon trap: reason=class_check action=maybe_recompile pc=0x00007f0ff51e83a0 method=java.util.HashMap.putVal(ILjava/lang/Object;Ljava/lang/Object;ZZ)Ljava/lang/Object; @ 253
Event: 7,888 Thread 0x00007f10042e1000 Uncommon trap: reason=class_check action=maybe_recompile pc=0x00007f0ff51e83a0 method=java.util.HashMap.putVal(ILjava/lang/Object;Ljava/lang/Object;ZZ)Ljava/lang/Object; @ 253
Event: 7,889 Thread 0x00007f10042e1000 Uncommon trap: reason=class_check action=maybe_recompile pc=0x00007f0ff51e83a0 method=java.util.HashMap.putVal(ILjava/lang/Object;Ljava/lang/Object;ZZ)Ljava/lang/Object; @ 253
Event: 7,889 Thread 0x00007f10042e1000 Uncommon trap: reason=class_check action=maybe_recompile pc=0x00007f0ff51e83a0 method=java.util.HashMap.putVal(ILjava/lang/Object;Ljava/lang/Object;ZZ)Ljava/lang/Object; @ 253
Event: 12,889 Thread 0x00007f10042e1000 Uncommon trap: reason=class_check action=maybe_recompile pc=0x00007f0ff516ae18 method=java.lang.String.equals(Ljava/lang/Object;)Z @ 8
Event: 12,889 Thread 0x00007f10042e1000 Uncommon trap: reason=class_check action=maybe_recompile pc=0x00007f0ff516ae18 method=java.lang.String.equals(Ljava/lang/Object;)Z @ 8
Event: 12,995 Thread 0x00007f10042e1000 Uncommon trap: reason=class_check action=maybe_recompile pc=0x00007f0ff516ae18 method=java.lang.String.equals(Ljava/lang/Object;)Z @ 8
Event: 12,995 Thread 0x00007f10042e1000 Uncommon trap: reason=class_check action=maybe_recompile pc=0x00007f0ff516ae18 method=java.lang.String.equals(Ljava/lang/Object;)Z @ 8
Event: 21,545 Thread 0x00007f10042e1000 Uncommon trap: reason=unstable_if action=reinterpret pc=0x00007f0ff523e3fc method=java.util.HashMap.putVal(ILjava/lang/Object;Ljava/lang/Object;ZZ)Ljava/lang/Object; @ 109

Internal exceptions (10 events):
Event: 6,645 Thread 0x00007f100400d000 Exception <a 'java/lang/ClassNotFoundException': ToolBarSeparator> (0x00000000f153bb20) thrown at [/HUDSON3/workspace/8-2-build-linux-amd64/jdk8u111/7883/hotspot/src/share/vm/classfile/systemDictionary.cpp, line 210]
Event: 6,646 Thread 0x00007f100400d000 Exception <a 'java/lang/ClassNotFoundException': ToolTip> (0x00000000f153c260) thrown at [/HUDSON3/workspace/8-2-build-linux-amd64/jdk8u111/7883/hotspot/src/share/vm/classfile/systemDictionary.cpp, line 210]
Event: 6,648 Thread 0x00007f100400d000 Exception <a 'java/lang/ClassNotFoundException': Tree> (0x00000000f153ce80) thrown at [/HUDSON3/workspace/8-2-build-linux-amd64/jdk8u111/7883/hotspot/src/share/vm/classfile/systemDictionary.cpp, line 210]
Event: 6,649 Thread 0x00007f100400d000 Exception <a 'java/lang/ClassNotFoundException': Tree> (0x00000000f153d5c0) thrown at [/HUDSON3/workspace/8-2-build-linux-amd64/jdk8u111/7883/hotspot/src/share/vm/classfile/systemDictionary.cpp, line 210]
Event: 6,649 Thread 0x00007f100400d000 Exception <a 'java/lang/ClassNotFoundException': javax/swing/JTreeCell> (0x00000000f153d940) thrown at [/HUDSON3/workspace/8-2-build-linux-amd64/jdk8u111/7883/hotspot/src/share/vm/classfile/systemDictionary.cpp, line 210]
Event: 6,649 Thread 0x00007f100400d000 Exception <a 'java/lang/ClassNotFoundException': TreeCell> (0x00000000f153ddc8) thrown at [/HUDSON3/workspace/8-2-build-linux-amd64/jdk8u111/7883/hotspot/src/share/vm/classfile/systemDictionary.cpp, line 210]
Event: 6,650 Thread 0x00007f100400d000 Exception <a 'java/lang/ClassNotFoundException': RootPane> (0x00000000f153e828) thrown at [/HUDSON3/workspace/8-2-build-linux-amd64/jdk8u111/7883/hotspot/src/share/vm/classfile/systemDictionary.cpp, line 210]
Event: 7,031 Thread 0x00007f10042e1000 Implicit null exception at 0x00007f0ff51c3cf6 to 0x00007f0ff51c4221
Event: 10,476 Thread 0x00007f10042e1000 Exception <a 'java/lang/UnsupportedOperationException': > (0x00000000f181c898) thrown at [/HUDSON3/workspace/8-2-build-linux-amd64/jdk8u111/7883/hotspot/src/share/vm/prims/jni.cpp, line 735]
Event: 21,724 Thread 0x00007f10042e1000 Exception <a 'java/lang/UnsupportedOperationException': > (0x00000000f19b6800) thrown at [/HUDSON3/workspace/8-2-build-linux-amd64/jdk8u111/7883/hotspot/src/share/vm/prims/jni.cpp, line 735]

Events (10 events):
Event: 1091,896 loading class sun/awt/X11/XkbEvent done
Event: 1091,896 loading class sun/awt/X11/XkbAnyEvent
Event: 1092,588 loading class sun/awt/X11/XkbAnyEvent done
Event: 1115,177 loading class sun/awt/X11/XAWTXSettings$1
Event: 1115,179 Thread 0x00007f10040cf800 flushing nmethod 0x00007f0ff5128ad0
Event: 1118,503 loading class sun/awt/X11/XAWTXSettings$1 done
Event: 1141,810 Thread 0x00007f10040cf800 flushing nmethod 0x00007f0ff518ced0
Event: 1141,810 Thread 0x00007f10040cf800 flushing nmethod 0x00007f0ff51a2050
Event: 1141,810 Thread 0x00007f10040cf800 flushing nmethod 0x00007f0ff51ae1d0
Event: 1143,632 Thread 0x00007f10040cf800 flushing nmethod 0x00007f0ff51c3b50


Dynamic libraries:
00400000-00401000 r-xp 00000000 08:01 2101375                            /home/priscylla/jdk1.8.0_111/bin/java
00600000-00601000 rw-p 00000000 08:01 2101375                            /home/priscylla/jdk1.8.0_111/bin/java
00ba3000-00bc4000 rw-p 00000000 00:00 0                                  [heap]
d3200000-d5100000 rw-p 00000000 00:00 0 
d5100000-f1100000 ---p 00000000 00:00 0 
f1100000-f2000000 rw-p 00000000 00:00 0 
f2000000-100000000 ---p 00000000 00:00 0 
100000000-1001e0000 rw-p 00000000 00:00 0 
1001e0000-140000000 ---p 00000000 00:00 0 
7f0f84000000-7f0f84021000 rw-p 00000000 00:00 0 
7f0f84021000-7f0f88000000 ---p 00000000 00:00 0 
7f0f88000000-7f0f88021000 rw-p 00000000 00:00 0 
7f0f88021000-7f0f8c000000 ---p 00000000 00:00 0 
7f0f8c000000-7f0f8c29f000 rw-p 00000000 00:00 0 
7f0f8c29f000-7f0f90000000 ---p 00000000 00:00 0 
7f0f90000000-7f0f90021000 rw-p 00000000 00:00 0 
7f0f90021000-7f0f94000000 ---p 00000000 00:00 0 
7f0f94000000-7f0f9437d000 rw-p 00000000 00:00 0 
7f0f9437d000-7f0f98000000 ---p 00000000 00:00 0 
7f0f98000000-7f0f980d1000 rw-p 00000000 00:00 0 
7f0f980d1000-7f0f9c000000 ---p 00000000 00:00 0 
7f0f9f04e000-7f0f9f051000 ---p 00000000 00:00 0 
7f0f9f051000-7f0f9f14f000 rw-p 00000000 00:00 0 
7f0f9f14f000-7f0f9f152000 ---p 00000000 00:00 0 
7f0f9f152000-7f0f9f250000 rw-p 00000000 00:00 0 
7f0f9f250000-7f0f9f253000 ---p 00000000 00:00 0 
7f0f9f253000-7f0f9f491000 rw-p 00000000 00:00 0 
7f0f9f491000-7f0f9f551000 ---p 00000000 00:00 0 
7f0f9f551000-7f0f9f57b000 r-xp 00000000 08:01 3277891                    /home/priscylla/jdk1.8.0_111/jre/lib/amd64/libdcpr.so
7f0f9f57b000-7f0f9f77b000 ---p 0002a000 08:01 3277891                    /home/priscylla/jdk1.8.0_111/jre/lib/amd64/libdcpr.so
7f0f9f77b000-7f0f9f77e000 rw-p 0002a000 08:01 3277891                    /home/priscylla/jdk1.8.0_111/jre/lib/amd64/libdcpr.so
7f0f9f77e000-7f0f9f7e7000 r-xp 00000000 08:01 3277921                    /home/priscylla/jdk1.8.0_111/jre/lib/amd64/libt2k.so
7f0f9f7e7000-7f0f9f9e7000 ---p 00069000 08:01 3277921                    /home/priscylla/jdk1.8.0_111/jre/lib/amd64/libt2k.so
7f0f9f9e7000-7f0f9f9ee000 rw-p 00069000 08:01 3277921                    /home/priscylla/jdk1.8.0_111/jre/lib/amd64/libt2k.so
7f0f9f9ee000-7f0f9fbfe000 rw-p 00000000 00:00 0 
7f0f9fbfe000-7f0f9fc01000 ---p 00000000 00:00 0 
7f0f9fc01000-7f0f9feff000 rw-p 00000000 00:00 0 
7f0f9feff000-7f0f9ff02000 ---p 00000000 00:00 0 
7f0f9ff02000-7f0fa0000000 rw-p 00000000 00:00 0 
7f0fa0000000-7f0fa0381000 rw-p 00000000 00:00 0 
7f0fa0381000-7f0fa4000000 ---p 00000000 00:00 0 
7f0fa4000000-7f0fa4021000 rw-p 00000000 00:00 0 
7f0fa4021000-7f0fa8000000 ---p 00000000 00:00 0 
7f0fa8000000-7f0fa8021000 rw-p 00000000 00:00 0 
7f0fa8021000-7f0fac000000 ---p 00000000 00:00 0 
7f0fac000000-7f0fac021000 rw-p 00000000 00:00 0 
7f0fac021000-7f0fb0000000 ---p 00000000 00:00 0 
7f0fb0000000-7f0fb0668000 rw-p 00000000 00:00 0 
7f0fb0668000-7f0fb4000000 ---p 00000000 00:00 0 
7f0fb4000000-7f0fb4021000 rw-p 00000000 00:00 0 
7f0fb4021000-7f0fb8000000 ---p 00000000 00:00 0 
7f0fb8000000-7f0fb8137000 rw-p 00000000 00:00 0 
7f0fb8137000-7f0fbc000000 ---p 00000000 00:00 0 
7f0fbc000000-7f0fbc0f4000 rw-p 00000000 00:00 0 
7f0fbc0f4000-7f0fc0000000 ---p 00000000 00:00 0 
7f0fc0000000-7f0fc0037000 rw-p 00000000 00:00 0 
7f0fc0037000-7f0fc4000000 ---p 00000000 00:00 0 
7f0fc4000000-7f0fc4021000 rw-p 00000000 00:00 0 
7f0fc4021000-7f0fc8000000 ---p 00000000 00:00 0 
7f0fc8000000-7f0fc8021000 rw-p 00000000 00:00 0 
7f0fc8021000-7f0fcc000000 ---p 00000000 00:00 0 
7f0fcc000000-7f0fcc02f000 rw-p 00000000 00:00 0 
7f0fcc02f000-7f0fd0000000 ---p 00000000 00:00 0 
7f0fd0000000-7f0fd0021000 rw-p 00000000 00:00 0 
7f0fd0021000-7f0fd4000000 ---p 00000000 00:00 0 
7f0fd4000000-7f0fd4021000 rw-p 00000000 00:00 0 
7f0fd4021000-7f0fd8000000 ---p 00000000 00:00 0 
7f0fd8000000-7f0fd8021000 rw-p 00000000 00:00 0 
7f0fd8021000-7f0fdc000000 ---p 00000000 00:00 0 
7f0fdc000000-7f0fdc021000 rw-p 00000000 00:00 0 
7f0fdc021000-7f0fe0000000 ---p 00000000 00:00 0 
7f0fe0000000-7f0fe0021000 rw-p 00000000 00:00 0 
7f0fe0021000-7f0fe4000000 ---p 00000000 00:00 0 
7f0fe4033000-7f0fe4036000 ---p 00000000 00:00 0 
7f0fe4036000-7f0fe4134000 rw-p 00000000 00:00 0 
7f0fe4134000-7f0fe4137000 ---p 00000000 00:00 0 
7f0fe4137000-7f0fe4235000 rw-p 00000000 00:00 0 
7f0fe4235000-7f0fe4246000 r-xp 00000000 08:01 3277919                    /home/priscylla/jdk1.8.0_111/jre/lib/amd64/libnio.so
7f0fe4246000-7f0fe4445000 ---p 00011000 08:01 3277919                    /home/priscylla/jdk1.8.0_111/jre/lib/amd64/libnio.so
7f0fe4445000-7f0fe4446000 rw-p 00010000 08:01 3277919                    /home/priscylla/jdk1.8.0_111/jre/lib/amd64/libnio.so
7f0fe4446000-7f0fe7447000 rw-p 00000000 00:00 0 
7f0fe7447000-7f0fe745d000 r-xp 00000000 08:01 3277920                    /home/priscylla/jdk1.8.0_111/jre/lib/amd64/libnet.so
7f0fe745d000-7f0fe765d000 ---p 00016000 08:01 3277920                    /home/priscylla/jdk1.8.0_111/jre/lib/amd64/libnet.so
7f0fe765d000-7f0fe765e000 rw-p 00016000 08:01 3277920                    /home/priscylla/jdk1.8.0_111/jre/lib/amd64/libnet.so
7f0fe765e000-7f0fe7661000 ---p 00000000 00:00 0 
7f0fe7661000-7f0fe775f000 rw-p 00000000 00:00 0 
7f0fe775f000-7f0fe7764000 r-xp 00000000 08:01 9838371                    /usr/lib/x86_64-linux-gnu/libXfixes.so.3.1.0
7f0fe7764000-7f0fe7963000 ---p 00005000 08:01 9838371                    /usr/lib/x86_64-linux-gnu/libXfixes.so.3.1.0
7f0fe7963000-7f0fe7964000 r--p 00004000 08:01 9838371                    /usr/lib/x86_64-linux-gnu/libXfixes.so.3.1.0
7f0fe7964000-7f0fe7965000 rw-p 00005000 08:01 9838371                    /usr/lib/x86_64-linux-gnu/libXfixes.so.3.1.0
7f0fe7965000-7f0fe796e000 r-xp 00000000 08:01 9838363                    /usr/lib/x86_64-linux-gnu/libXcursor.so.1.0.2
7f0fe796e000-7f0fe7b6d000 ---p 00009000 08:01 9838363                    /usr/lib/x86_64-linux-gnu/libXcursor.so.1.0.2
7f0fe7b6d000-7f0fe7b6e000 r--p 00008000 08:01 9838363                    /usr/lib/x86_64-linux-gnu/libXcursor.so.1.0.2
7f0fe7b6e000-7f0fe7b6f000 rw-p 00009000 08:01 9838363                    /usr/lib/x86_64-linux-gnu/libXcursor.so.1.0.2
7f0fe7b6f000-7f0fe7b86000 r-xp 00000000 08:01 2626158                    /lib/x86_64-linux-gnu/libgcc_s.so.1
7f0fe7b86000-7f0fe7d85000 ---p 00017000 08:01 2626158                    /lib/x86_64-linux-gnu/libgcc_s.so.1
7f0fe7d85000-7f0fe7d86000 r--p 00016000 08:01 2626158                    /lib/x86_64-linux-gnu/libgcc_s.so.1
7f0fe7d86000-7f0fe7d87000 rw-p 00017000 08:01 2626158                    /lib/x86_64-linux-gnu/libgcc_s.so.1
7f0fe7d87000-7f0fe7dec000 r-xp 00000000 08:01 3277765                    /home/priscylla/jdk1.8.0_111/jre/lib/amd64/libfontmanager.so
7f0fe7dec000-7f0fe7feb000 ---p 00065000 08:01 3277765                    /home/priscylla/jdk1.8.0_111/jre/lib/amd64/libfontmanager.so
7f0fe7feb000-7f0fe7ff0000 rw-p 00064000 08:01 3277765                    /home/priscylla/jdk1.8.0_111/jre/lib/amd64/libfontmanager.so
7f0fe7ff0000-7f0fe8000000 rw-p 00000000 00:00 0 
7f0fe8000000-7f0fe8021000 rw-p 00000000 00:00 0 
7f0fe8021000-7f0fec000000 ---p 00000000 00:00 0 
7f0fec015000-7f0fec01c000 rw-s 00000000 00:05 1559003167                 /SYSV00000000 (deleted)
7f0fec01c000-7f0fec026000 r--s 00115000 08:01 3277720                    /home/priscylla/jdk1.8.0_111/jre/lib/ext/localedata.jar
7f0fec026000-7f0fec041000 r--s 0038e000 08:01 3277750                    /home/priscylla/jdk1.8.0_111/jre/lib/ext/cldrdata.jar
7f0fec041000-7f0fec04c000 r--s 00000000 08:01 15990934                   /var/cache/fontconfig/945677eb7aeaf62f1d50efc3fb3ec7d8-le64.cache-7
7f0fec04c000-7f0fec051000 r--s 00000000 08:01 15990905                   /var/cache/fontconfig/2300eef321c393bfd76478a5c0e95b23-le64.cache-7
7f0fec051000-7f0fec052000 r--s 00000000 08:01 15990898                   /var/cache/fontconfig/0d8c3b2ac0904cb8a57a757ad11a4a08-le64.cache-7
7f0fec052000-7f0fec067000 r--s 00000000 08:01 15990894                   /var/cache/fontconfig/04aabc0a78ac019cf9454389977116d2-le64.cache-7
7f0fec067000-7f0fec068000 r--s 00000000 08:01 15990902                   /var/cache/fontconfig/1ac9eb803944fde146138c791f5cc56a-le64.cache-7
7f0fec068000-7f0fec069000 r--s 00000000 08:01 15990953                   /var/cache/fontconfig/dc05db6664285cc2f12bf69c139ae4c3-le64.cache-7
7f0fec069000-7f0fec06b000 r--s 00000000 08:01 15990899                   /var/cache/fontconfig/14a5e22175779b556eaa434240950366-le64.cache-7
7f0fec06b000-7f0fec06c000 r--s 00000000 08:01 15990926                   /var/cache/fontconfig/660208299946a285a940457d1287da33-le64.cache-7
7f0fec06c000-7f0fec06e000 r--s 00000000 08:01 15990917                   /var/cache/fontconfig/4f3e3037c9980c83b53a9351efadef62-le64.cache-7
7f0fec06e000-7f0fec070000 r--s 00000000 08:01 15990931                   /var/cache/fontconfig/767a8244fc0220cfb567a839d0392e0b-le64.cache-7
7f0fec070000-7f0fec071000 r--s 00000000 08:01 15990912                   /var/cache/fontconfig/4794a0821666d79190d59a36cb4f44b5-le64.cache-7
7f0fec071000-7f0fec073000 r--s 00000000 08:01 15990896                   /var/cache/fontconfig/0bd3dc0958fa2205aaaa8ebb13e2872b-le64.cache-7
7f0fec073000-7f0fec078000 r--s 00000000 08:01 15990954                   /var/cache/fontconfig/def309198bfa603429122923fa2bb2d4-le64.cache-7
7f0fec078000-7f0fec079000 r--s 00000000 08:01 15990942                   /var/cache/fontconfig/b872e6e592da6075ffa4ab0a1fcc0c75-le64.cache-7
7f0fec079000-7f0fec07a000 r--s 00000000 08:01 15990959                   /var/cache/fontconfig/f6d4eedfaab2589bde49f7a3ff831d22-le64.cache-7
7f0fec07a000-7f0fec07b000 r--s 00000000 08:01 15990924                   /var/cache/fontconfig/589f83ef4c36d296ce6e1c846f468f08-le64.cache-7
7f0fec07b000-7f0fec07c000 r--s 00000000 08:01 15990944                   /var/cache/fontconfig/bab58bb527bb656aaa9f116d68a48d89-le64.cache-7
7f0fec07c000-7f0fec07d000 r--s 00000000 08:01 15990903                   /var/cache/fontconfig/2171a34dccabdb6bcbbc728186263178-le64.cache-7
7f0fec07d000-7f0fec07e000 r--s 00000000 08:01 15990945                   /var/cache/fontconfig/c5c45a61289222e0d30b1a26ef4effbe-le64.cache-7
7f0fec07e000-7f0fec07f000 r--s 00000000 08:01 15990940                   /var/cache/fontconfig/aec30016f93e1b46d1a973dce0d74068-le64.cache-7
7f0fec07f000-7f0fec080000 r--s 00000000 08:01 15990910                   /var/cache/fontconfig/3f589640d34b7dc9042c8d453f7c8b9c-le64.cache-7
7f0fec080000-7f0fec081000 r--s 00000000 08:01 15990900                   /var/cache/fontconfig/16c2fda60d1b4b719f4b3d06fd951d25-le64.cache-7
7f0fec081000-7f0fec082000 r--s 00000000 08:01 15990939                   /var/cache/fontconfig/a48eab177a16e4f3713381162db2f3e9-le64.cache-7
7f0fec082000-7f0fec083000 r--s 00000000 08:01 15990920                   /var/cache/fontconfig/564b2e68ac9bc4e36a6f7f6d6125ec1c-le64.cache-7
7f0fec083000-7f0fec088000 r--s 00000000 08:01 15990937                   /var/cache/fontconfig/9d2451b1fd30e5bffe8383fd27c35478-le64.cache-7
7f0fec088000-7f0fec08e000 r--s 00000000 08:01 15990906                   /var/cache/fontconfig/3047814df9a2f067bd2d96a2b9c36e5a-le64.cache-7
7f0fec08e000-7f0fec0a1000 r--s 00000000 08:01 15990950                   /var/cache/fontconfig/d52a8644073d54c13679302ca1180695-le64.cache-7
7f0fec0a1000-7f0fec0a4000 ---p 00000000 00:00 0 
7f0fec0a4000-7f0fec1a2000 rw-p 00000000 00:00 0 
7f0fec1a2000-7f0fec1b5000 r-xp 00000000 08:01 2626117                    /lib/x86_64-linux-gnu/libbsd.so.0.8.7
7f0fec1b5000-7f0fec3b4000 ---p 00013000 08:01 2626117                    /lib/x86_64-linux-gnu/libbsd.so.0.8.7
7f0fec3b4000-7f0fec3b5000 r--p 00012000 08:01 2626117                    /lib/x86_64-linux-gnu/libbsd.so.0.8.7
7f0fec3b5000-7f0fec3b6000 rw-p 00013000 08:01 2626117                    /lib/x86_64-linux-gnu/libbsd.so.0.8.7
7f0fec3b6000-7f0fec3b7000 rw-p 00000000 00:00 0 
7f0fec3b7000-7f0fec3bc000 r-xp 00000000 08:01 9838367                    /usr/lib/x86_64-linux-gnu/libXdmcp.so.6.0.0
7f0fec3bc000-7f0fec5bb000 ---p 00005000 08:01 9838367                    /usr/lib/x86_64-linux-gnu/libXdmcp.so.6.0.0
7f0fec5bb000-7f0fec5bc000 r--p 00004000 08:01 9838367                    /usr/lib/x86_64-linux-gnu/libXdmcp.so.6.0.0
7f0fec5bc000-7f0fec5bd000 rw-p 00005000 08:01 9838367                    /usr/lib/x86_64-linux-gnu/libXdmcp.so.6.0.0
7f0fec5bd000-7f0fec5bf000 r-xp 00000000 08:01 9838356                    /usr/lib/x86_64-linux-gnu/libXau.so.6.0.0
7f0fec5bf000-7f0fec7bf000 ---p 00002000 08:01 9838356                    /usr/lib/x86_64-linux-gnu/libXau.so.6.0.0
7f0fec7bf000-7f0fec7c0000 r--p 00002000 08:01 9838356                    /usr/lib/x86_64-linux-gnu/libXau.so.6.0.0
7f0fec7c0000-7f0fec7c1000 rw-p 00003000 08:01 9838356                    /usr/lib/x86_64-linux-gnu/libXau.so.6.0.0
7f0fec7c1000-7f0fec7e7000 r-xp 00000000 08:01 9839560                    /usr/lib/x86_64-linux-gnu/libxcb.so.1.1.0
7f0fec7e7000-7f0fec9e7000 ---p 00026000 08:01 9839560                    /usr/lib/x86_64-linux-gnu/libxcb.so.1.1.0
7f0fec9e7000-7f0fec9e8000 r--p 00026000 08:01 9839560                    /usr/lib/x86_64-linux-gnu/libxcb.so.1.1.0
7f0fec9e8000-7f0fec9e9000 rw-p 00027000 08:01 9839560                    /usr/lib/x86_64-linux-gnu/libxcb.so.1.1.0
7f0fec9e9000-7f0fec9f8000 r-xp 00000000 08:01 9838377                    /usr/lib/x86_64-linux-gnu/libXi.so.6.1.0
7f0fec9f8000-7f0fecbf7000 ---p 0000f000 08:01 9838377                    /usr/lib/x86_64-linux-gnu/libXi.so.6.1.0
7f0fecbf7000-7f0fecbf8000 r--p 0000e000 08:01 9838377                    /usr/lib/x86_64-linux-gnu/libXi.so.6.1.0
7f0fecbf8000-7f0fecbf9000 rw-p 0000f000 08:01 9838377                    /usr/lib/x86_64-linux-gnu/libXi.so.6.1.0
7f0fecbf9000-7f0fecbfe000 r-xp 00000000 08:01 9838395                    /usr/lib/x86_64-linux-gnu/libXtst.so.6.1.0
7f0fecbfe000-7f0fecdfd000 ---p 00005000 08:01 9838395                    /usr/lib/x86_64-linux-gnu/libXtst.so.6.1.0
7f0fecdfd000-7f0fecdfe000 r--p 00004000 08:01 9838395                    /usr/lib/x86_64-linux-gnu/libXtst.so.6.1.0
7f0fecdfe000-7f0fecdff000 rw-p 00005000 08:01 9838395                    /usr/lib/x86_64-linux-gnu/libXtst.so.6.1.0
7f0fecdff000-7f0fece08000 r-xp 00000000 08:01 9838389                    /usr/lib/x86_64-linux-gnu/libXrender.so.1.3.0
7f0fece08000-7f0fed007000 ---p 00009000 08:01 9838389                    /usr/lib/x86_64-linux-gnu/libXrender.so.1.3.0
7f0fed007000-7f0fed008000 r--p 00008000 08:01 9838389                    /usr/lib/x86_64-linux-gnu/libXrender.so.1.3.0
7f0fed008000-7f0fed009000 rw-p 00009000 08:01 9838389                    /usr/lib/x86_64-linux-gnu/libXrender.so.1.3.0
7f0fed009000-7f0fed13d000 r-xp 00000000 08:01 9838352                    /usr/lib/x86_64-linux-gnu/libX11.so.6.3.0
7f0fed13d000-7f0fed33d000 ---p 00134000 08:01 9838352                    /usr/lib/x86_64-linux-gnu/libX11.so.6.3.0
7f0fed33d000-7f0fed33e000 r--p 00134000 08:01 9838352                    /usr/lib/x86_64-linux-gnu/libX11.so.6.3.0
7f0fed33e000-7f0fed342000 rw-p 00135000 08:01 9838352                    /usr/lib/x86_64-linux-gnu/libX11.so.6.3.0
7f0fed342000-7f0fed353000 r-xp 00000000 08:01 9838369                    /usr/lib/x86_64-linux-gnu/libXext.so.6.4.0
7f0fed353000-7f0fed552000 ---p 00011000 08:01 9838369                    /usr/lib/x86_64-linux-gnu/libXext.so.6.4.0
7f0fed552000-7f0fed553000 r--p 00010000 08:01 9838369                    /usr/lib/x86_64-linux-gnu/libXext.so.6.4.0
7f0fed553000-7f0fed554000 rw-p 00011000 08:01 9838369                    /usr/lib/x86_64-linux-gnu/libXext.so.6.4.0
7f0fed554000-7f0fed5a8000 r-xp 00000000 08:01 3277818                    /home/priscylla/jdk1.8.0_111/jre/lib/amd64/libawt_xawt.so
7f0fed5a8000-7f0fed7a8000 ---p 00054000 08:01 3277818                    /home/priscylla/jdk1.8.0_111/jre/lib/amd64/libawt_xawt.so
7f0fed7a8000-7f0fed7ac000 rw-p 00054000 08:01 3277818                    /home/priscylla/jdk1.8.0_111/jre/lib/amd64/libawt_xawt.so
7f0fed7ac000-7f0fed7ad000 rw-p 00000000 00:00 0 
7f0fed7ad000-7f0fed84f000 r-xp 00000000 08:01 3277922                    /home/priscylla/jdk1.8.0_111/jre/lib/amd64/libawt.so
7f0fed84f000-7f0feda4f000 ---p 000a2000 08:01 3277922                    /home/priscylla/jdk1.8.0_111/jre/lib/amd64/libawt.so
7f0feda4f000-7f0feda5b000 rw-p 000a2000 08:01 3277922                    /home/priscylla/jdk1.8.0_111/jre/lib/amd64/libawt.so
7f0feda5b000-7f0feda7f000 rw-p 00000000 00:00 0 
7f0feda7f000-7f0feda80000 ---p 00000000 00:00 0 
7f0feda80000-7f0fedb80000 rw-p 00000000 00:00 0 
7f0fedb80000-7f0fedb83000 ---p 00000000 00:00 0 
7f0fedb83000-7f0fedc81000 rw-p 00000000 00:00 0 
7f0fedc81000-7f0fedc82000 ---p 00000000 00:00 0 
7f0fedc82000-7f0fedc85000 ---p 00000000 00:00 0 
7f0fedc85000-7f0fedd82000 rw-p 00000000 00:00 0 
7f0fedd82000-7f0fedd83000 ---p 00000000 00:00 0 
7f0fedd83000-7f0fedd86000 ---p 00000000 00:00 0 
7f0fedd86000-7f0fede83000 rw-p 00000000 00:00 0 
7f0fede83000-7f0fede84000 ---p 00000000 00:00 0 
7f0fede84000-7f0fede87000 ---p 00000000 00:00 0 
7f0fede87000-7f0fedf84000 rw-p 00000000 00:00 0 
7f0fedf84000-7f0fedf87000 ---p 00000000 00:00 0 
7f0fedf87000-7f0fee085000 rw-p 00000000 00:00 0 
7f0fee085000-7f0fee088000 ---p 00000000 00:00 0 
7f0fee088000-7f0fee186000 rw-p 00000000 00:00 0 
7f0fee186000-7f0fee189000 ---p 00000000 00:00 0 
7f0fee189000-7f0fee287000 rw-p 00000000 00:00 0 
7f0fee287000-7f0fee28b000 r-xp 00000000 08:01 3277791                    /home/priscylla/jdk1.8.0_111/jre/lib/amd64/libdt_socket.so
7f0fee28b000-7f0fee48a000 ---p 00004000 08:01 3277791                    /home/priscylla/jdk1.8.0_111/jre/lib/amd64/libdt_socket.so
7f0fee48a000-7f0fee48b000 rw-p 00003000 08:01 3277791                    /home/priscylla/jdk1.8.0_111/jre/lib/amd64/libdt_socket.so
7f0fee48b000-7f0fee48e000 ---p 00000000 00:00 0 
7f0fee48e000-7f0fee58c000 rw-p 00000000 00:00 0 
7f0fee58c000-7f0fee58f000 ---p 00000000 00:00 0 
7f0fee58f000-7f0fee68d000 rw-p 00000000 00:00 0 
7f0fee68d000-7f0fee690000 ---p 00000000 00:00 0 
7f0fee690000-7f0fee78e000 rw-p 00000000 00:00 0 
7f0fee78e000-7f0fee78f000 ---p 00000000 00:00 0 
7f0fee78f000-7f0ff0000000 rw-p 00000000 00:00 0 
7f0ff0000000-7f0ff0021000 rw-p 00000000 00:00 0 
7f0ff0021000-7f0ff4000000 ---p 00000000 00:00 0 
7f0ff4000000-7f0ff4001000 r--s 00000000 08:01 15990921                   /var/cache/fontconfig/56cf4f4769d0f4abc89a4895d7bd3ae1-le64.cache-7
7f0ff4001000-7f0ff4002000 r--s 00000000 08:01 15990943                   /var/cache/fontconfig/b9d506c9ac06c20b433354fa67a72993-le64.cache-7
7f0ff4002000-7f0ff4008000 r--s 00000000 08:01 15990941                   /var/cache/fontconfig/b47c4e1ecd0709278f4910c18777a504-le64.cache-7
7f0ff4008000-7f0ff4009000 r--s 00000000 08:01 15990908                   /var/cache/fontconfig/370e5b74bf5dafc30834de68e24a87a4-le64.cache-7
7f0ff4009000-7f0ff400a000 r--s 00000000 08:01 15990929                   /var/cache/fontconfig/6b2c5944714ca7831b25bed9e85cb5c8-le64.cache-7
7f0ff400a000-7f0ff400b000 r--s 00000000 08:01 15990949                   /var/cache/fontconfig/d5178ab6d91b49bf20a416737dcea9e8-le64.cache-7
7f0ff400b000-7f0ff400e000 r--s 00000000 08:01 15990958                   /var/cache/fontconfig/f259c2cffa685e28062317905db73c4a-le64.cache-7
7f0ff400e000-7f0ff401a000 r--s 00000000 08:01 16001559                   /var/cache/fontconfig/d589a48862398ed80a3d6066f4f56f4c-le64.cache-7
7f0ff401a000-7f0ff4e28000 rw-p 00000000 00:00 0 
7f0ff4e28000-7f0ff5000000 r--s 03d2a000 08:01 3278030                    /home/priscylla/jdk1.8.0_111/jre/lib/rt.jar
7f0ff5000000-7f0ff53b0000 rwxp 00000000 00:00 0 
7f0ff53b0000-7f1004000000 ---p 00000000 00:00 0 
7f1004000000-7f10042e8000 rw-p 00000000 00:00 0 
7f10042e8000-7f1008000000 ---p 00000000 00:00 0 
7f1008000000-7f1008001000 r--s 00000000 08:01 15990919                   /var/cache/fontconfig/551ecf3b0e8b0bca0f25c0944f561853-le64.cache-7
7f1008001000-7f1008003000 r--s 00000000 08:01 15990918                   /var/cache/fontconfig/550f3886151c940c12a5ed35f6a00586-le64.cache-7
7f1008003000-7f1008006000 r--s 00000000 08:01 15990927                   /var/cache/fontconfig/674d1711f2d1d2a09646eb0bdcadee49-le64.cache-7
7f1008006000-7f1008007000 r--s 00000000 08:01 15990911                   /var/cache/fontconfig/3f7329c5293ffd510edef78f73874cfd-le64.cache-7
7f1008007000-7f1008008000 r--s 00000000 08:01 15990897                   /var/cache/fontconfig/0c9eb80ebd1c36541ebe2852d3bb0c49-le64.cache-7
7f1008008000-7f1008016000 r--s 00000000 08:01 15990936                   /var/cache/fontconfig/9b89f8e3dae116d678bbf48e5f21f69b-le64.cache-7
7f1008016000-7f100801d000 r--s 00000000 08:01 10095565                   /usr/lib/x86_64-linux-gnu/gconv/gconv-modules.cache
7f100801d000-7f1008043000 r--p 00000000 08:01 11536925                   /usr/share/locale-langpack/pt_BR/LC_MESSAGES/libc.mo
7f1008043000-7f1008ac5000 rw-p 00000000 00:00 0 
7f1008ac5000-7f1008ac6000 ---p 00000000 00:00 0 
7f1008ac6000-7f1008bc6000 rw-p 00000000 00:00 0 
7f1008bc6000-7f1008bc7000 ---p 00000000 00:00 0 
7f1008bc7000-7f1008cc7000 rw-p 00000000 00:00 0 
7f1008cc7000-7f1008cc8000 ---p 00000000 00:00 0 
7f1008cc8000-7f1008dc8000 rw-p 00000000 00:00 0 
7f1008dc8000-7f1008dc9000 ---p 00000000 00:00 0 
7f1008dc9000-7f1008ed9000 rw-p 00000000 00:00 0 
7f1008ed9000-7f1008fb9000 ---p 00000000 00:00 0 
7f1008fb9000-7f1008fc9000 rw-p 00000000 00:00 0 
7f1008fc9000-7f10090a8000 ---p 00000000 00:00 0 
7f10090a8000-7f10090b0000 rw-p 00000000 00:00 0 
7f10090b0000-7f1009120000 ---p 00000000 00:00 0 
7f1009120000-7f1009130000 rw-p 00000000 00:00 0 
7f1009130000-7f10094e1000 ---p 00000000 00:00 0 
7f10094e1000-7f10094fb000 r-xp 00000000 08:01 3277918                    /home/priscylla/jdk1.8.0_111/jre/lib/amd64/libzip.so
7f10094fb000-7f10096fb000 ---p 0001a000 08:01 3277918                    /home/priscylla/jdk1.8.0_111/jre/lib/amd64/libzip.so
7f10096fb000-7f10096fc000 rw-p 0001a000 08:01 3277918                    /home/priscylla/jdk1.8.0_111/jre/lib/amd64/libzip.so
7f10096fc000-7f1009707000 r-xp 00000000 08:01 2626211                    /lib/x86_64-linux-gnu/libnss_files-2.27.so
7f1009707000-7f1009906000 ---p 0000b000 08:01 2626211                    /lib/x86_64-linux-gnu/libnss_files-2.27.so
7f1009906000-7f1009907000 r--p 0000a000 08:01 2626211                    /lib/x86_64-linux-gnu/libnss_files-2.27.so
7f1009907000-7f1009908000 rw-p 0000b000 08:01 2626211                    /lib/x86_64-linux-gnu/libnss_files-2.27.so
7f1009908000-7f100990e000 rw-p 00000000 00:00 0 
7f100990e000-7f1009925000 r-xp 00000000 08:01 2626205                    /lib/x86_64-linux-gnu/libnsl-2.27.so
7f1009925000-7f1009b24000 ---p 00017000 08:01 2626205                    /lib/x86_64-linux-gnu/libnsl-2.27.so
7f1009b24000-7f1009b25000 r--p 00016000 08:01 2626205                    /lib/x86_64-linux-gnu/libnsl-2.27.so
7f1009b25000-7f1009b26000 rw-p 00017000 08:01 2626205                    /lib/x86_64-linux-gnu/libnsl-2.27.so
7f1009b26000-7f1009b28000 rw-p 00000000 00:00 0 
7f1009b28000-7f1009b33000 r-xp 00000000 08:01 2626222                    /lib/x86_64-linux-gnu/libnss_nis-2.27.so
7f1009b33000-7f1009d32000 ---p 0000b000 08:01 2626222                    /lib/x86_64-linux-gnu/libnss_nis-2.27.so
7f1009d32000-7f1009d33000 r--p 0000a000 08:01 2626222                    /lib/x86_64-linux-gnu/libnss_nis-2.27.so
7f1009d33000-7f1009d34000 rw-p 0000b000 08:01 2626222                    /lib/x86_64-linux-gnu/libnss_nis-2.27.so
7f1009d34000-7f1009d3c000 r-xp 00000000 08:01 2626207                    /lib/x86_64-linux-gnu/libnss_compat-2.27.so
7f1009d3c000-7f1009f3c000 ---p 00008000 08:01 2626207                    /lib/x86_64-linux-gnu/libnss_compat-2.27.so
7f1009f3c000-7f1009f3d000 r--p 00008000 08:01 2626207                    /lib/x86_64-linux-gnu/libnss_compat-2.27.so
7f1009f3d000-7f1009f3e000 rw-p 00009000 08:01 2626207                    /lib/x86_64-linux-gnu/libnss_compat-2.27.so
7f1009f3e000-7f100a90d000 r--p 00000000 08:01 9837254                    /usr/lib/locale/locale-archive
7f100a90d000-7f100a90f000 r-xp 00000000 08:01 3277916                    /home/priscylla/jdk1.8.0_111/jre/lib/amd64/libnpt.so
7f100a90f000-7f100ab0f000 ---p 00002000 08:01 3277916                    /home/priscylla/jdk1.8.0_111/jre/lib/amd64/libnpt.so
7f100ab0f000-7f100ab10000 rw-p 00002000 08:01 3277916                    /home/priscylla/jdk1.8.0_111/jre/lib/amd64/libnpt.so
7f100ab10000-7f100ab49000 r-xp 00000000 08:01 3277888                    /home/priscylla/jdk1.8.0_111/jre/lib/amd64/libjdwp.so
7f100ab49000-7f100ad48000 ---p 00039000 08:01 3277888                    /home/priscylla/jdk1.8.0_111/jre/lib/amd64/libjdwp.so
7f100ad48000-7f100ad4a000 rw-p 00038000 08:01 3277888                    /home/priscylla/jdk1.8.0_111/jre/lib/amd64/libjdwp.so
7f100ad4a000-7f100ad75000 r-xp 00000000 08:01 3277893                    /home/priscylla/jdk1.8.0_111/jre/lib/amd64/libjava.so
7f100ad75000-7f100af74000 ---p 0002b000 08:01 3277893                    /home/priscylla/jdk1.8.0_111/jre/lib/amd64/libjava.so
7f100af74000-7f100af76000 rw-p 0002a000 08:01 3277893                    /home/priscylla/jdk1.8.0_111/jre/lib/amd64/libjava.so
7f100af76000-7f100af83000 r-xp 00000000 08:01 3277858                    /home/priscylla/jdk1.8.0_111/jre/lib/amd64/libverify.so
7f100af83000-7f100b182000 ---p 0000d000 08:01 3277858                    /home/priscylla/jdk1.8.0_111/jre/lib/amd64/libverify.so
7f100b182000-7f100b184000 rw-p 0000c000 08:01 3277858                    /home/priscylla/jdk1.8.0_111/jre/lib/amd64/libverify.so
7f100b184000-7f100b18b000 r-xp 00000000 08:01 2626262                    /lib/x86_64-linux-gnu/librt-2.27.so
7f100b18b000-7f100b38a000 ---p 00007000 08:01 2626262                    /lib/x86_64-linux-gnu/librt-2.27.so
7f100b38a000-7f100b38b000 r--p 00006000 08:01 2626262                    /lib/x86_64-linux-gnu/librt-2.27.so
7f100b38b000-7f100b38c000 rw-p 00007000 08:01 2626262                    /lib/x86_64-linux-gnu/librt-2.27.so
7f100b38c000-7f100b529000 r-xp 00000000 08:01 2626184                    /lib/x86_64-linux-gnu/libm-2.27.so
7f100b529000-7f100b728000 ---p 0019d000 08:01 2626184                    /lib/x86_64-linux-gnu/libm-2.27.so
7f100b728000-7f100b729000 r--p 0019c000 08:01 2626184                    /lib/x86_64-linux-gnu/libm-2.27.so
7f100b729000-7f100b72a000 rw-p 0019d000 08:01 2626184                    /lib/x86_64-linux-gnu/libm-2.27.so
7f100b72a000-7f100c3f7000 r-xp 00000000 08:01 3277778                    /home/priscylla/jdk1.8.0_111/jre/lib/amd64/server/libjvm.so
7f100c3f7000-7f100c5f6000 ---p 00ccd000 08:01 3277778                    /home/priscylla/jdk1.8.0_111/jre/lib/amd64/server/libjvm.so
7f100c5f6000-7f100c6cf000 rw-p 00ccc000 08:01 3277778                    /home/priscylla/jdk1.8.0_111/jre/lib/amd64/server/libjvm.so
7f100c6cf000-7f100c71a000 rw-p 00000000 00:00 0 
7f100c71a000-7f100c901000 r-xp 00000000 08:01 2626121                    /lib/x86_64-linux-gnu/libc-2.27.so
7f100c901000-7f100cb01000 ---p 001e7000 08:01 2626121                    /lib/x86_64-linux-gnu/libc-2.27.so
7f100cb01000-7f100cb05000 r--p 001e7000 08:01 2626121                    /lib/x86_64-linux-gnu/libc-2.27.so
7f100cb05000-7f100cb07000 rw-p 001eb000 08:01 2626121                    /lib/x86_64-linux-gnu/libc-2.27.so
7f100cb07000-7f100cb0b000 rw-p 00000000 00:00 0 
7f100cb0b000-7f100cb0e000 r-xp 00000000 08:01 2626144                    /lib/x86_64-linux-gnu/libdl-2.27.so
7f100cb0e000-7f100cd0d000 ---p 00003000 08:01 2626144                    /lib/x86_64-linux-gnu/libdl-2.27.so
7f100cd0d000-7f100cd0e000 r--p 00002000 08:01 2626144                    /lib/x86_64-linux-gnu/libdl-2.27.so
7f100cd0e000-7f100cd0f000 rw-p 00003000 08:01 2626144                    /lib/x86_64-linux-gnu/libdl-2.27.so
7f100cd0f000-7f100cd24000 r-xp 00000000 08:01 1969570                    /home/priscylla/jdk1.8.0_111/lib/amd64/jli/libjli.so
7f100cd24000-7f100cf24000 ---p 00015000 08:01 1969570                    /home/priscylla/jdk1.8.0_111/lib/amd64/jli/libjli.so
7f100cf24000-7f100cf25000 rw-p 00015000 08:01 1969570                    /home/priscylla/jdk1.8.0_111/lib/amd64/jli/libjli.so
7f100cf25000-7f100cf3f000 r-xp 00000000 08:01 2626254                    /lib/x86_64-linux-gnu/libpthread-2.27.so
7f100cf3f000-7f100d13e000 ---p 0001a000 08:01 2626254                    /lib/x86_64-linux-gnu/libpthread-2.27.so
7f100d13e000-7f100d13f000 r--p 00019000 08:01 2626254                    /lib/x86_64-linux-gnu/libpthread-2.27.so
7f100d13f000-7f100d140000 rw-p 0001a000 08:01 2626254                    /lib/x86_64-linux-gnu/libpthread-2.27.so
7f100d140000-7f100d144000 rw-p 00000000 00:00 0 
7f100d144000-7f100d16b000 r-xp 00000000 08:01 2626093                    /lib/x86_64-linux-gnu/ld-2.27.so
7f100d16b000-7f100d16c000 r--s 00000000 08:01 15990904                   /var/cache/fontconfig/22368d551a680bfe5a62c02760edf4ea-le64.cache-7
7f100d16c000-7f100d16d000 r--s 00000000 08:01 15990916                   /var/cache/fontconfig/4d9c95eba1cb85bbcf2878543262124a-le64.cache-7
7f100d16d000-7f100d16e000 r--s 00000000 08:01 15990933                   /var/cache/fontconfig/85e0a52ce643a7ba2ae53e5d6949cead-le64.cache-7
7f100d16e000-7f100d16f000 r--s 00000000 08:01 15990913                   /var/cache/fontconfig/49f0de54bdd920fe4f0dfd4cbac43e6b-le64.cache-7
7f100d16f000-7f100d170000 r--s 00000000 08:01 15990960                   /var/cache/fontconfig/f6e6e0a5c3d2f6ae0c0c2e0ecd42a997-le64.cache-7
7f100d170000-7f100d251000 rw-p 00000000 00:00 0 
7f100d251000-7f100d252000 ---p 00000000 00:00 0 
7f100d252000-7f100d255000 ---p 00000000 00:00 0 
7f100d255000-7f100d354000 rw-p 00000000 00:00 0 
7f100d354000-7f100d355000 r--s 00000000 08:01 15990914                   /var/cache/fontconfig/4b2eda6bb976bda485cb2176619421d5-le64.cache-7
7f100d355000-7f100d357000 r--s 00000000 08:01 15990928                   /var/cache/fontconfig/6afa1bb216ce958c1589e297e8008489-le64.cache-7
7f100d357000-7f100d35a000 r--s 00000000 08:01 15990955                   /var/cache/fontconfig/e13b20fdb08344e0e664864cc2ede53d-le64.cache-7
7f100d35a000-7f100d35f000 r--s 002f8000 08:01 3277819                    /home/priscylla/jdk1.8.0_111/jre/lib/charsets.jar
7f100d35f000-7f100d367000 rw-s 00000000 08:01 11410889                   /tmp/hsperfdata_priscylla/29226
7f100d367000-7f100d368000 rw-p 00000000 00:00 0 
7f100d368000-7f100d369000 r--p 00000000 00:00 0 
7f100d369000-7f100d36b000 rw-p 00000000 00:00 0 
7f100d36b000-7f100d36c000 r--p 00027000 08:01 2626093                    /lib/x86_64-linux-gnu/ld-2.27.so
7f100d36c000-7f100d36d000 rw-p 00028000 08:01 2626093                    /lib/x86_64-linux-gnu/ld-2.27.so
7f100d36d000-7f100d36e000 rw-p 00000000 00:00 0 
7fff62e51000-7fff62e72000 rw-p 00000000 00:00 0                          [stack]
7fff62ea5000-7fff62ea8000 r--p 00000000 00:00 0                          [vvar]
7fff62ea8000-7fff62eaa000 r-xp 00000000 00:00 0                          [vdso]
ffffffffff600000-ffffffffff601000 r-xp 00000000 00:00 0                  [vsyscall]

VM Arguments:
jvm_args: -Xdebug -Xrunjdwp:transport=dt_socket,address=localhost:40665 -Dfile.encoding=UTF-8 
java_command: view.Login
java_class_path (initial): /home/priscylla/NetBeansProjects/Projeto/build/classes
Launcher Type: SUN_STANDARD

Environment Variables:
PATH=/usr/local/sbin:/usr/local/bin:/usr/sbin:/usr/bin:/sbin:/bin:/usr/games:/usr/local/games:/snap/bin
USERNAME=priscylla
LD_LIBRARY_PATH=/home/priscylla/jdk1.8.0_111/jre/lib/amd64:/home/priscylla/jdk1.8.0_111/jre/lib/i386:
SHELL=/bin/bash
DISPLAY=:0

Signal Handlers:
SIGSEGV: [libjvm.so+0xac64b0], sa_mask[0]=11111111011111111101111111111110, sa_flags=SA_RESTART|SA_SIGINFO
SIGBUS: [libjvm.so+0xac64b0], sa_mask[0]=11111111011111111101111111111110, sa_flags=SA_RESTART|SA_SIGINFO
SIGFPE: [libjvm.so+0x91f950], sa_mask[0]=11111111011111111101111111111110, sa_flags=SA_RESTART|SA_SIGINFO
SIGPIPE: [libjvm.so+0x91f950], sa_mask[0]=11111111011111111101111111111110, sa_flags=SA_RESTART|SA_SIGINFO
SIGXFSZ: [libjvm.so+0x91f950], sa_mask[0]=11111111011111111101111111111110, sa_flags=SA_RESTART|SA_SIGINFO
SIGILL: [libjvm.so+0x91f950], sa_mask[0]=11111111011111111101111111111110, sa_flags=SA_RESTART|SA_SIGINFO
SIGUSR1: SIG_DFL, sa_mask[0]=00000000000000000000000000000000, sa_flags=none
SIGUSR2: [libjvm.so+0x920f80], sa_mask[0]=00100000000000000000000000000000, sa_flags=SA_RESTART|SA_SIGINFO
SIGHUP: [libjvm.so+0x922380], sa_mask[0]=11111111011111111101111111111110, sa_flags=SA_RESTART|SA_SIGINFO
SIGINT: SIG_IGN, sa_mask[0]=00000000000000000000000000000000, sa_flags=none
SIGTERM: [libjvm.so+0x922380], sa_mask[0]=11111111011111111101111111111110, sa_flags=SA_RESTART|SA_SIGINFO
SIGQUIT: [libjvm.so+0x922380], sa_mask[0]=11111111011111111101111111111110, sa_flags=SA_RESTART|SA_SIGINFO


---------------  S Y S T E M  ---------------

OS:DISTRIB_ID=Ubuntu
DISTRIB_RELEASE=18.04
DISTRIB_CODENAME=bionic
DISTRIB_DESCRIPTION="Ubuntu 18.04 LTS"

uname:Linux 4.15.0-22-generic #24-Ubuntu SMP Wed May 16 12:15:17 UTC 2018 x86_64
libc:glibc 2.27 NPTL 2.27 
rlimit: STACK 8192k, CORE 0k, NPROC 11230, NOFILE 1048576, AS infinity
load average:25,42 39,91 24,26

/proc/meminfo:
MemTotal:        2933792 kB
MemFree:         2160904 kB
MemAvailable:    2298428 kB
Buffers:           14964 kB
Cached:           259348 kB
SwapCached:         7020 kB
Active:           435332 kB
Inactive:         178780 kB
Active(anon):     311736 kB
Inactive(anon):    46448 kB
Active(file):     123596 kB
Inactive(file):   132332 kB
Unevictable:           0 kB
Mlocked:               0 kB
SwapTotal:       2097148 kB
SwapFree:        1724220 kB
Dirty:               828 kB
Writeback:           616 kB
AnonPages:        336460 kB
Mapped:            78848 kB
Shmem:             18340 kB
Slab:              83864 kB
SReclaimable:      33292 kB
SUnreclaim:        50572 kB
KernelStack:        9392 kB
PageTables:        22536 kB
NFS_Unstable:          0 kB
Bounce:                0 kB
WritebackTmp:          0 kB
CommitLimit:     3564044 kB
Committed_AS:    3116488 kB
VmallocTotal:   34359738367 kB
VmallocUsed:           0 kB
VmallocChunk:          0 kB
HardwareCorrupted:     0 kB
AnonHugePages:         0 kB
ShmemHugePages:        0 kB
ShmemPmdMapped:        0 kB
CmaTotal:              0 kB
CmaFree:               0 kB
HugePages_Total:       0
HugePages_Free:        0
HugePages_Rsvd:        0
HugePages_Surp:        0
Hugepagesize:       2048 kB
DirectMap4k:      213248 kB
DirectMap2M:     2791424 kB


CPU:total 4 (2 cores per cpu, 2 threads per core) family 6 model 37 stepping 5, cmov, cx8, fxsr, mmx, sse, sse2, sse3, ssse3, sse4.1, sse4.2, popcnt, ht, tsc, tscinvbit

/proc/cpuinfo:
processor	: 0
vendor_id	: GenuineIntel
cpu family	: 6
model		: 37
model name	: Intel(R) Core(TM) i3 CPU       M 370  @ 2.40GHz
stepping	: 5
microcode	: 0x2
cpu MHz		: 2399.000
cache size	: 3072 KB
physical id	: 0
siblings	: 4
core id		: 0
cpu cores	: 2
apicid		: 0
initial apicid	: 0
fpu		: yes
fpu_exception	: yes
cpuid level	: 11
wp		: yes
flags		: fpu vme de pse tsc msr pae mce cx8 apic sep mtrr pge mca cmov pat pse36 clflush dts acpi mmx fxsr sse sse2 ss ht tm pbe syscall nx rdtscp lm constant_tsc arch_perfmon pebs bts rep_good nopl xtopology nonstop_tsc cpuid aperfmperf pni dtes64 monitor ds_cpl vmx est tm2 ssse3 cx16 xtpr pdcm pcid sse4_1 sse4_2 popcnt lahf_lm pti tpr_shadow vnmi flexpriority ept vpid dtherm arat
bugs		: cpu_meltdown spectre_v1 spectre_v2 spec_store_bypass
bogomips	: 4787.61
clflush size	: 64
cache_alignment	: 64
address sizes	: 36 bits physical, 48 bits virtual
power management:

processor	: 1
vendor_id	: GenuineIntel
cpu family	: 6
model		: 37
model name	: Intel(R) Core(TM) i3 CPU       M 370  @ 2.40GHz
stepping	: 5
microcode	: 0x2
cpu MHz		: 2399.000
cache size	: 3072 KB
physical id	: 0
siblings	: 4
core id		: 0
cpu cores	: 3
apicid		: 1
initial apicid	: 1
fpu		: yes
fpu_exception	: yes
cpuid level	: 11
wp		: yes
flags		: fpu vme de pse tsc msr pae mce cx8 apic sep mtrr pge mca cmov pat pse36 clflush dts acpi mmx fxsr sse sse2 ss ht tm pbe syscall nx rdtscp lm constant_tsc arch_perfmon pebs bts rep_good nopl xtopology nonstop_tsc cpuid aperfmperf pni dtes64 monitor ds_cpl vmx est tm2 ssse3 cx16 xtpr pdcm pcid sse4_1 sse4_2 popcnt lahf_lm pti tpr_shadow vnmi flexpriority ept vpid dtherm arat
bugs		: cpu_meltdown spectre_v1 spectre_v2 spec_store_bypass
bogomips	: 4787.61
clflush size	: 64
cache_alignment	: 64
address sizes	: 36 bits physical, 48 bits virtual
power management:

processor	: 2
vendor_id	: GenuineIntel
cpu family	: 6
model		: 37
model name	: Intel(R) Core(TM) i3 CPU       M 370  @ 2.40GHz
stepping	: 5
microcode	: 0x2
cpu MHz		: 2399.000
cache size	: 3072 KB
physical id	: 0
siblings	: 4
core id		: 2
cpu cores	: 4
apicid		: 4
initial apicid	: 4
fpu		: yes
fpu_exception	: yes
cpuid level	: 11
wp		: yes
flags		: fpu vme de pse tsc msr pae mce cx8 apic sep mtrr pge mca cmov pat pse36 clflush dts acpi mmx fxsr sse sse2 ss ht tm pbe syscall nx rdtscp lm constant_tsc arch_perfmon pebs bts rep_good nopl xtopology nonstop_tsc cpuid aperfmperf pni dtes64 monitor ds_cpl vmx est tm2 ssse3 cx16 xtpr pdcm pcid sse4_1 sse4_2 popcnt lahf_lm pti tpr_shadow vnmi flexpriority ept vpid dtherm arat
bugs		: cpu_meltdown spectre_v1 spectre_v2 spec_store_bypass
bogomips	: 4787.61
clflush size	: 64
cache_alignment	: 64
address sizes	: 36 bits physical, 48 bits virtual
power management:

processor	: 3
vendor_id	: GenuineIntel
cpu family	: 6
model		: 37
model name	: Intel(R) Core(TM) i3 CPU       M 370  @ 2.40GHz
stepping	: 5
microcode	: 0x2
cpu MHz		: 2399.000
cache size	: 3072 KB
physical id	: 0
siblings	: 4
core id		: 2
cpu cores	: 1
apicid		: 5
initial apicid	: 5
fpu		: yes
fpu_exception	: yes
cpuid level	: 11
wp		: yes
flags		: fpu vme de pse tsc msr pae mce cx8 apic sep mtrr pge mca cmov pat pse36 clflush dts acpi mmx fxsr sse sse2 ss ht tm pbe syscall nx rdtscp lm constant_tsc arch_perfmon pebs bts rep_good nopl xtopology nonstop_tsc cpuid aperfmperf pni dtes64 monitor ds_cpl vmx est tm2 ssse3 cx16 xtpr pdcm pcid sse4_1 sse4_2 popcnt lahf_lm pti tpr_shadow vnmi flexpriority ept vpid dtherm arat
bugs		: cpu_meltdown spectre_v1 spectre_v2 spec_store_bypass
bogomips	: 4787.61
clflush size	: 64
cache_alignment	: 64
address sizes	: 36 bits physical, 48 bits virtual
power management:



Memory: 4k page, physical 2933792k(2160904k free), swap 2097148k(1724220k free)

vm_info: Java HotSpot(TM) 64-Bit Server VM (25.111-b14) for linux-amd64 JRE (1.8.0_111-b14), built on Sep 22 2016 16:14:03 by "java_re" with gcc 4.3.0 20080428 (Red Hat 4.3.0-8)

time: Mon May 28 21:52:03 2018
elapsed time: 1218 seconds (0d 0h 20m 18s)

