#
# A fatal error has been detected by the Java Runtime Environment:
#
#  SIGSEGV (0xb) at pc=0x00007f2e5670f1ba, pid=29163, tid=0x00007f2dfa052700
#
# JRE version: Java(TM) SE Runtime Environment (8.0_111-b14) (build 1.8.0_111-b14)
# Java VM: Java HotSpot(TM) 64-Bit Server VM (25.111-b14 mixed mode linux-amd64 compressed oops)
# Problematic frame:
# V  [libjvm.so+0x6eb1ba]  jni_GetLongField+0xaa
#
# Failed to write core dump. Core dumps have been disabled. To enable core dumping, try "ulimit -c unlimited" before starting Java again
#
# If you would like to submit a bug report, please visit:
#   http://bugreport.java.com/bugreport/crash.jsp
#

---------------  T H R E A D  ---------------

Current thread (0x00007f2e501eb800):  JavaThread "AWT-XAWT" daemon [_thread_in_vm, id=29193, stack(0x00007f2df9f52000,0x00007f2dfa053000)]

siginfo: si_signo: 11 (SIGSEGV), si_code: 1 (SEGV_MAPERR), si_addr: 0x0000000000000000

Registers:
RAX=0x00007f2e56fd8159, RBX=0x00007f2e501eb800, RCX=0x00007f2e57a39320, RDX=0x00007f2e56fe31f0
RSP=0x00007f2dfa0516a0, RBP=0x00007f2dfa0516d0, RSI=0x0000000000000000, RDI=0x00007f2e501eb9f8
R8 =0x00000000f1169a38, R9 =0x00000000f137ac08, R10=0x00007f2e40f91044, R11=0x00007f2e40f91018
R12=0x0000000000000042, R13=0x0000000000000000, R14=0x00007f2e56fe7f80, R15=0x00007f2e56fe3200
RIP=0x00007f2e5670f1ba, EFLAGS=0x0000000000010246, CSGSFS=0x002b000000000033, ERR=0x0000000000000004
  TRAPNO=0x000000000000000e

Top of Stack: (sp=0x00007f2dfa0516a0)
0x00007f2dfa0516a0:   00007f2dfa0516d0 00007f2e501eb9f8
0x00007f2dfa0516b0:   00007f2de00cc6a0 0000000000000000
0x00007f2dfa0516c0:   00007f2dfbfff7e0 00007f2e501eb800
0x00007f2dfa0516d0:   00007f2dfa051700 00007f2dfbdddee1
0x00007f2dfa0516e0:   00007f2e3a6429e0 00007f2de00cc6a0
0x00007f2dfa0516f0:   00007f2dfa0517b0 00007f2dfa051780
0x00007f2dfa051700:   0000000000000000 00007f2dfb8c0300
0x00007f2dfa051710:   00007f2e3a6429e0 00007f2dfa051740
0x00007f2dfa051720:   0000000000000000 00007f2dfb8b7e23
0x00007f2dfa051730:   00007f2dfa0517b0 00007f2dfbdd711f
0x00007f2dfa051740:   00007f2dfa051790 00007f2e40f910b6
0x00007f2dfa051750:   0000000000000000 00007f2e40e2f0b6
0x00007f2dfa051760:   00007f2dfa0517b0 00000000f137af98
0x00007f2dfa051770:   0000000000800003 00000000f137af98
0x00007f2dfa051780:   00000000f137bd10 0000000000000001
0x00007f2dfa051790:   00007f2dfa051810 00007f2e40bdab10
0x00007f2dfa0517a0:   00007f2dfa051810 00007f2e40bdab10
0x00007f2dfa0517b0:   0000000000000000 00007f2e40bdae50
0x00007f2dfa0517c0:   00007f2dec001730 00000000f13e2540
0x00007f2dfa0517d0:   00007f2dfa0517d0 00007f2e3a622494
0x00007f2dfa0517e0:   00007f2dfa051858 00007f2e3a62b728
0x00007f2dfa0517f0:   0000000000000000 00007f2e3a6225d0
0x00007f2dfa051800:   00007f2dfa0517b0 00007f2dfa051850
0x00007f2dfa051810:   00007f2dfa0518a0 00007f2e40bdb33d
0x00007f2dfa051820:   0000000000000000 00000000f198c148
0x00007f2dfa051830:   0000000000000000 0000000000000000
0x00007f2dfa051840:   0000000000000000 00000000f13e2540
0x00007f2dfa051850:   0000000000000000 00000000f13aec00
0x00007f2dfa051860:   00007f2dfa051860 00007f2e3a6222d5
0x00007f2dfa051870:   00007f2dfa0518b0 00007f2e3a62b728
0x00007f2dfa051880:   0000000000000000 00007f2e3a6222e0
0x00007f2dfa051890:   00007f2dfa051850 00007f2dfa0518b0 

Instructions: (pc=0x00007f2e5670f1ba)
0x00007f2e5670f19a:   a9 00 00 00 30 74 08 48 89 df e8 47 5b 38 00 48
0x00007f2e5670f1aa:   8b 05 80 7f 88 00 c7 83 70 02 00 00 06 00 00 00
0x00007f2e5670f1ba:   49 8b 55 00 80 38 00 0f 84 c1 00 00 00 48 8b 05
0x00007f2e5670f1ca:   9a 59 88 00 8b 72 08 8b 48 08 48 d3 e6 48 03 30 

Register to memory mapping:

RAX=0x00007f2e56fd8159: <offset 0xfb4159> in /home/priscylla/jdk1.8.0_111/jre/lib/amd64/server/libjvm.so at 0x00007f2e56024000
RBX=0x00007f2e501eb800 is a thread
RCX=0x00007f2e57a39320: <offset 0x21a320> in /lib/x86_64-linux-gnu/libpthread.so.0 at 0x00007f2e5781f000
RDX=0x00007f2e56fe31f0: <offset 0xfbf1f0> in /home/priscylla/jdk1.8.0_111/jre/lib/amd64/server/libjvm.so at 0x00007f2e56024000
RSP=0x00007f2dfa0516a0 is pointing into the stack for thread: 0x00007f2e501eb800
RBP=0x00007f2dfa0516d0 is pointing into the stack for thread: 0x00007f2e501eb800
RSI=0x0000000000000000 is an unknown value
RDI=0x00007f2e501eb9f8 is an unknown value
R8 =0x00000000f1169a38 is an oop
[I 
 - klass: {type array int}
 - length: 9
R9 =0x00000000f137ac08 is an oop
sun.util.logging.PlatformLogger$DefaultLoggerProxy 
 - klass: 'sun/util/logging/PlatformLogger$DefaultLoggerProxy'
R10=0x00007f2e40f91044 is at entry_point+68 in (nmethod*)0x00007f2e40f90e90
R11=0x00007f2e40f91018 is at entry_point+24 in (nmethod*)0x00007f2e40f90e90
R12=0x0000000000000042 is an unknown value
R13=0x0000000000000000 is an unknown value
R14=0x00007f2e56fe7f80: <offset 0xfc3f80> in /home/priscylla/jdk1.8.0_111/jre/lib/amd64/server/libjvm.so at 0x00007f2e56024000
R15=0x00007f2e56fe3200: <offset 0xfbf200> in /home/priscylla/jdk1.8.0_111/jre/lib/amd64/server/libjvm.so at 0x00007f2e56024000


Stack: [0x00007f2df9f52000,0x00007f2dfa053000],  sp=0x00007f2dfa0516a0,  free space=1021k
Native frames: (J=compiled Java code, j=interpreted, Vv=VM code, C=native code)
V  [libjvm.so+0x6eb1ba]  jni_GetLongField+0xaa
C  [libawt_xawt.so+0x36ee1]  getX11InputMethodData+0x31
C  [libX11.so.6+0x64300]  _XimServerDestroy+0x70

Java frames: (J=compiled Java code, j=interpreted, Vv=VM code)
J 1146  sun.awt.X11.XlibWrapper.XFilterEvent(JJ)Z (0 bytes) @ 0x00007f2e40f91044 [0x00007f2e40f91000+0x44]
j  sun.awt.X11.XToolkit.run(Z)V+300
j  sun.awt.X11.XToolkit.run()V+5
j  java.lang.Thread.run()V+11
v  ~StubRoutines::call_stub

---------------  P R O C E S S  ---------------

Java Threads: ( => current thread )
  0x00007f2e20001800 JavaThread "SIGHUP handler" daemon [_thread_blocked, id=29721, stack(0x00007f2df9526000,0x00007f2df9627000)]
  0x00007f2de00d1000 JavaThread "TimerQueue" daemon [_thread_blocked, id=29198, stack(0x00007f2df8d78000,0x00007f2df8e79000)]
  0x00007f2de0007000 JavaThread "org.netbeans.modules.debugger.jpda.visual AWT Access Loop" daemon [_thread_blocked, id=29196, stack(0x00007f2df9827000,0x00007f2df9928000)]
  0x00007f2e5000d000 JavaThread "DestroyJavaVM" [_thread_blocked, id=29168, stack(0x00007f2e57b4c000,0x00007f2e57c4c000)]
  0x00007f2e50221800 JavaThread "AWT-EventQueue-0" [_thread_blocked, id=29195, stack(0x00007f2df9928000,0x00007f2df9a29000)]
  0x00007f2e50221000 JavaThread "AWT-Shutdown" [_thread_blocked, id=29194, stack(0x00007f2df9a29000,0x00007f2df9b2a000)]
=>0x00007f2e501eb800 JavaThread "AWT-XAWT" daemon [_thread_in_vm, id=29193, stack(0x00007f2df9f52000,0x00007f2dfa053000)]
  0x00007f2e501cf800 JavaThread "Java2D Disposer" daemon [_thread_blocked, id=29192, stack(0x00007f2dfa463000,0x00007f2dfa564000)]
  0x00007f2e500d3000 JavaThread "Service Thread" daemon [_thread_blocked, id=29187, stack(0x00007f2e3849b000,0x00007f2e3859c000)]
  0x00007f2e500cf800 JavaThread "C1 CompilerThread2" daemon [_thread_blocked, id=29186, stack(0x00007f2e3859d000,0x00007f2e3869d000)]
  0x00007f2e500cd800 JavaThread "C2 CompilerThread1" daemon [_thread_blocked, id=29185, stack(0x00007f2e3869e000,0x00007f2e3879e000)]
  0x00007f2e500ca800 JavaThread "C2 CompilerThread0" daemon [_thread_blocked, id=29184, stack(0x00007f2e3879f000,0x00007f2e3889f000)]
  0x00007f2e14001000 JavaThread "JDWP Command Reader" daemon [_thread_in_native, id=29180, stack(0x00007f2e3889f000,0x00007f2e389a0000)]
  0x00007f2e500c8800 JavaThread "JDWP Event Helper Thread" daemon [_thread_blocked, id=29179, stack(0x00007f2e389a0000,0x00007f2e38aa1000)]
  0x00007f2e500c5000 JavaThread "JDWP Transport Listener: dt_socket" daemon [_thread_blocked, id=29178, stack(0x00007f2e38aa1000,0x00007f2e38ba2000)]
  0x00007f2e500b8800 JavaThread "Signal Dispatcher" daemon [_thread_blocked, id=29176, stack(0x00007f2e38da6000,0x00007f2e38ea7000)]
  0x00007f2e50087000 JavaThread "Finalizer" daemon [_thread_blocked, id=29175, stack(0x00007f2e38ea7000,0x00007f2e38fa8000)]
  0x00007f2e50082800 JavaThread "Reference Handler" daemon [_thread_blocked, id=29174, stack(0x00007f2e38fa8000,0x00007f2e390a9000)]

Other Threads:
  0x00007f2e5007a800 VMThread [stack: 0x00007f2e390aa000,0x00007f2e391aa000] [id=29173]
  0x00007f2e500d6800 WatcherThread [stack: 0x00007f2e3839b000,0x00007f2e3849b000] [id=29188]

VM state:synchronizing (normal execution)

VM Mutex/Monitor currently owned by a thread:  ([mutex/lock_event])
[0x00007f2e50009130] Threads_lock - owner thread: 0x00007f2e5007a800

Heap:
 PSYoungGen      total 13824K, used 9590K [0x00000000f1100000, 0x00000000f2000000, 0x0000000100000000)
  eden space 12288K, 78% used [0x00000000f1100000,0x00000000f1a5db70,0x00000000f1d00000)
  from space 1536K, 0% used [0x00000000f1e80000,0x00000000f1e80000,0x00000000f2000000)
  to   space 1536K, 0% used [0x00000000f1d00000,0x00000000f1d00000,0x00000000f1e80000)
 ParOldGen       total 31744K, used 0K [0x00000000d3200000, 0x00000000d5100000, 0x00000000f1100000)
  object space 31744K, 0% used [0x00000000d3200000,0x00000000d3200000,0x00000000d5100000)
 Metaspace       used 14944K, capacity 15100K, committed 15232K, reserved 1062912K
  class space    used 1815K, capacity 1895K, committed 1920K, reserved 1048576K

Card table byte_map: [0x00007f2e540a0000,0x00007f2e54208000] byte_map_base: 0x00007f2e53a07000

Marking Bits: (ParMarkBitMap*) 0x00007f2e56fe7220
 Begin Bits: [0x00007f2e3a990000, 0x00007f2e3b4c8000)
 End Bits:   [0x00007f2e3b4c8000, 0x00007f2e3c000000)

Polling page: 0x00007f2e57c62000

CodeCache: size=245760Kb used=3838Kb max_used=3866Kb free=241922Kb
 bounds [0x00007f2e40bd3000, 0x00007f2e40fa3000, 0x00007f2e4fbd3000]
 total_blobs=1703 nmethods=1137 adapters=489
 compilation: enabled

Compilation events (10 events):
Event: 692,110 Thread 0x00007f2e500cf800 1152       3       java.util.Vector$Itr::checkForComodification (23 bytes)
Event: 692,522 Thread 0x00007f2e500cf800 nmethod 1152 0x00007f2e40f98310 code [0x00007f2e40f984a0, 0x00007f2e40f986c8]
Event: 692,523 Thread 0x00007f2e500cf800 1151   !   3       java.util.Vector$Itr::next (63 bytes)
Event: 692,716 Thread 0x00007f2e500cf800 nmethod 1151 0x00007f2e40cf1f90 code [0x00007f2e40cf2160, 0x00007f2e40cf2818]
Event: 1259,551 Thread 0x00007f2e500cf800 1153       3       sun.awt.XSettings$Update::needBytes (65 bytes)
Event: 1259,552 Thread 0x00007f2e500cf800 nmethod 1153 0x00007f2e40f98a90 code [0x00007f2e40f98ce0, 0x00007f2e40f99998]
Event: 1286,181 Thread 0x00007f2e500cf800 1154       3       java.lang.Long::equals (30 bytes)
Event: 1286,181 Thread 0x00007f2e500cf800 nmethod 1154 0x00007f2e40cdaad0 code [0x00007f2e40cdac60, 0x00007f2e40cdb110]
Event: 1286,182 Thread 0x00007f2e500cf800 1155       3       sun.awt.XSettings$Update::getINT32 (175 bytes)
Event: 1286,182 Thread 0x00007f2e500cf800 nmethod 1155 0x00007f2e40ce63d0 code [0x00007f2e40ce6560, 0x00007f2e40ce68c8]

GC Heap History (0 events):
No events

Deoptimization events (10 events):
Event: 17,394 Thread 0x00007f2de0040800 Uncommon trap: reason=unstable_if action=reinterpret pc=0x00007f2e40d8f3e8 method=java.lang.String.<init>([CII)V @ 18
Event: 17,628 Thread 0x00007f2e50221800 Uncommon trap: reason=class_check action=maybe_recompile pc=0x00007f2e40db1f1c method=java.util.HashMap.putVal(ILjava/lang/Object;Ljava/lang/Object;ZZ)Ljava/lang/Object; @ 253
Event: 17,630 Thread 0x00007f2e50221800 Uncommon trap: reason=class_check action=maybe_recompile pc=0x00007f2e40db1f1c method=java.util.HashMap.putVal(ILjava/lang/Object;Ljava/lang/Object;ZZ)Ljava/lang/Object; @ 253
Event: 17,631 Thread 0x00007f2e50221800 Uncommon trap: reason=class_check action=maybe_recompile pc=0x00007f2e40db1f1c method=java.util.HashMap.putVal(ILjava/lang/Object;Ljava/lang/Object;ZZ)Ljava/lang/Object; @ 253
Event: 17,631 Thread 0x00007f2e50221800 Uncommon trap: reason=class_check action=maybe_recompile pc=0x00007f2e40db1f1c method=java.util.HashMap.putVal(ILjava/lang/Object;Ljava/lang/Object;ZZ)Ljava/lang/Object; @ 253
Event: 23,383 Thread 0x00007f2e50221800 Uncommon trap: reason=class_check action=maybe_recompile pc=0x00007f2e40d41ecc method=java.lang.String.equals(Ljava/lang/Object;)Z @ 8
Event: 23,383 Thread 0x00007f2e50221800 Uncommon trap: reason=class_check action=maybe_recompile pc=0x00007f2e40d41ecc method=java.lang.String.equals(Ljava/lang/Object;)Z @ 8
Event: 23,412 Thread 0x00007f2e50221800 Uncommon trap: reason=class_check action=maybe_recompile pc=0x00007f2e40d41ecc method=java.lang.String.equals(Ljava/lang/Object;)Z @ 8
Event: 23,412 Thread 0x00007f2e50221800 Uncommon trap: reason=class_check action=maybe_recompile pc=0x00007f2e40d41ecc method=java.lang.String.equals(Ljava/lang/Object;)Z @ 8
Event: 31,580 Thread 0x00007f2e50221800 Uncommon trap: reason=unstable_if action=reinterpret pc=0x00007f2e40e09d7c method=java.util.HashMap.putVal(ILjava/lang/Object;Ljava/lang/Object;ZZ)Ljava/lang/Object; @ 109

Internal exceptions (10 events):
Event: 15,572 Thread 0x00007f2e5000d000 Exception <a 'java/lang/ClassNotFoundException': ToolBarSeparator> (0x00000000f153b820) thrown at [/HUDSON3/workspace/8-2-build-linux-amd64/jdk8u111/7883/hotspot/src/share/vm/classfile/systemDictionary.cpp, line 210]
Event: 15,573 Thread 0x00007f2e5000d000 Exception <a 'java/lang/ClassNotFoundException': ToolTip> (0x00000000f153bf60) thrown at [/HUDSON3/workspace/8-2-build-linux-amd64/jdk8u111/7883/hotspot/src/share/vm/classfile/systemDictionary.cpp, line 210]
Event: 15,575 Thread 0x00007f2e5000d000 Exception <a 'java/lang/ClassNotFoundException': Tree> (0x00000000f153cb80) thrown at [/HUDSON3/workspace/8-2-build-linux-amd64/jdk8u111/7883/hotspot/src/share/vm/classfile/systemDictionary.cpp, line 210]
Event: 15,576 Thread 0x00007f2e5000d000 Exception <a 'java/lang/ClassNotFoundException': Tree> (0x00000000f153d2c0) thrown at [/HUDSON3/workspace/8-2-build-linux-amd64/jdk8u111/7883/hotspot/src/share/vm/classfile/systemDictionary.cpp, line 210]
Event: 15,576 Thread 0x00007f2e5000d000 Exception <a 'java/lang/ClassNotFoundException': javax/swing/JTreeCell> (0x00000000f153d640) thrown at [/HUDSON3/workspace/8-2-build-linux-amd64/jdk8u111/7883/hotspot/src/share/vm/classfile/systemDictionary.cpp, line 210]
Event: 15,576 Thread 0x00007f2e5000d000 Exception <a 'java/lang/ClassNotFoundException': TreeCell> (0x00000000f153dac8) thrown at [/HUDSON3/workspace/8-2-build-linux-amd64/jdk8u111/7883/hotspot/src/share/vm/classfile/systemDictionary.cpp, line 210]
Event: 15,577 Thread 0x00007f2e5000d000 Exception <a 'java/lang/ClassNotFoundException': RootPane> (0x00000000f153e528) thrown at [/HUDSON3/workspace/8-2-build-linux-amd64/jdk8u111/7883/hotspot/src/share/vm/classfile/systemDictionary.cpp, line 210]
Event: 16,283 Thread 0x00007f2e50221800 Implicit null exception at 0x00007f2e40d9b2f6 to 0x00007f2e40d9b821
Event: 20,076 Thread 0x00007f2e50221800 Exception <a 'java/lang/UnsupportedOperationException': > (0x00000000f181cbb8) thrown at [/HUDSON3/workspace/8-2-build-linux-amd64/jdk8u111/7883/hotspot/src/share/vm/prims/jni.cpp, line 735]
Event: 31,687 Thread 0x00007f2e50221800 Exception <a 'java/lang/UnsupportedOperationException': > (0x00000000f19f3b20) thrown at [/HUDSON3/workspace/8-2-build-linux-amd64/jdk8u111/7883/hotspot/src/share/vm/prims/jni.cpp, line 735]

Events (10 events):
Event: 1259,550 Executing VM operation: RevokeBias
Event: 1259,550 Executing VM operation: RevokeBias done
Event: 1259,551 Executing VM operation: RevokeBias
Event: 1259,551 Executing VM operation: RevokeBias done
Event: 1259,551 loading class sun/awt/X11/XAWTXSettings$1
Event: 1262,877 loading class sun/awt/X11/XAWTXSettings$1 done
Event: 1286,181 Thread 0x00007f2e500cf800 flushing nmethod 0x00007f2e40d63f50
Event: 1286,181 Thread 0x00007f2e500cf800 flushing nmethod 0x00007f2e40d79550
Event: 1286,182 Thread 0x00007f2e500cf800 flushing nmethod 0x00007f2e40d84c10
Event: 1286,183 Thread 0x00007f2e500cf800 flushing nmethod 0x00007f2e40d9b150


Dynamic libraries:
00400000-00401000 r-xp 00000000 08:01 2101375                            /home/priscylla/jdk1.8.0_111/bin/java
00600000-00601000 rw-p 00000000 08:01 2101375                            /home/priscylla/jdk1.8.0_111/bin/java
02071000-02092000 rw-p 00000000 00:00 0                                  [heap]
d3200000-d5100000 rw-p 00000000 00:00 0 
d5100000-f1100000 ---p 00000000 00:00 0 
f1100000-f2000000 rw-p 00000000 00:00 0 
f2000000-100000000 ---p 00000000 00:00 0 
100000000-1001e0000 rw-p 00000000 00:00 0 
1001e0000-140000000 ---p 00000000 00:00 0 
7f2dd8000000-7f2dd829f000 rw-p 00000000 00:00 0 
7f2dd829f000-7f2ddc000000 ---p 00000000 00:00 0 
7f2ddc000000-7f2ddc021000 rw-p 00000000 00:00 0 
7f2ddc021000-7f2de0000000 ---p 00000000 00:00 0 
7f2de0000000-7f2de0360000 rw-p 00000000 00:00 0 
7f2de0360000-7f2de4000000 ---p 00000000 00:00 0 
7f2de4000000-7f2de437d000 rw-p 00000000 00:00 0 
7f2de437d000-7f2de8000000 ---p 00000000 00:00 0 
7f2de8000000-7f2de8021000 rw-p 00000000 00:00 0 
7f2de8021000-7f2dec000000 ---p 00000000 00:00 0 
7f2dec000000-7f2dec2c2000 rw-p 00000000 00:00 0 
7f2dec2c2000-7f2df0000000 ---p 00000000 00:00 0 
7f2df0fff000-7f2df4000000 rw-p 00000000 00:00 0 
7f2df4000000-7f2df4021000 rw-p 00000000 00:00 0 
7f2df4021000-7f2df8000000 ---p 00000000 00:00 0 
7f2df8b78000-7f2df8c78000 rw-p 00000000 00:00 0 
7f2df8c78000-7f2df8d78000 ---p 00000000 00:00 0 
7f2df8d78000-7f2df8d7b000 ---p 00000000 00:00 0 
7f2df8d7b000-7f2df8e79000 rw-p 00000000 00:00 0 
7f2df8e79000-7f2df8ea3000 r-xp 00000000 08:01 3277891                    /home/priscylla/jdk1.8.0_111/jre/lib/amd64/libdcpr.so
7f2df8ea3000-7f2df90a3000 ---p 0002a000 08:01 3277891                    /home/priscylla/jdk1.8.0_111/jre/lib/amd64/libdcpr.so
7f2df90a3000-7f2df90a6000 rw-p 0002a000 08:01 3277891                    /home/priscylla/jdk1.8.0_111/jre/lib/amd64/libdcpr.so
7f2df90a6000-7f2df910f000 r-xp 00000000 08:01 3277921                    /home/priscylla/jdk1.8.0_111/jre/lib/amd64/libt2k.so
7f2df910f000-7f2df930f000 ---p 00069000 08:01 3277921                    /home/priscylla/jdk1.8.0_111/jre/lib/amd64/libt2k.so
7f2df930f000-7f2df9316000 rw-p 00069000 08:01 3277921                    /home/priscylla/jdk1.8.0_111/jre/lib/amd64/libt2k.so
7f2df9316000-7f2df9526000 rw-p 00000000 00:00 0 
7f2df9526000-7f2df9529000 ---p 00000000 00:00 0 
7f2df9529000-7f2df9827000 rw-p 00000000 00:00 0 
7f2df9827000-7f2df982a000 ---p 00000000 00:00 0 
7f2df982a000-7f2df9928000 rw-p 00000000 00:00 0 
7f2df9928000-7f2df992b000 ---p 00000000 00:00 0 
7f2df992b000-7f2df9a29000 rw-p 00000000 00:00 0 
7f2df9a29000-7f2df9a2c000 ---p 00000000 00:00 0 
7f2df9a2c000-7f2df9b2a000 rw-p 00000000 00:00 0 
7f2df9b2a000-7f2df9b3b000 r-xp 00000000 08:01 3277919                    /home/priscylla/jdk1.8.0_111/jre/lib/amd64/libnio.so
7f2df9b3b000-7f2df9d3a000 ---p 00011000 08:01 3277919                    /home/priscylla/jdk1.8.0_111/jre/lib/amd64/libnio.so
7f2df9d3a000-7f2df9d3b000 rw-p 00010000 08:01 3277919                    /home/priscylla/jdk1.8.0_111/jre/lib/amd64/libnio.so
7f2df9d3b000-7f2df9d51000 r-xp 00000000 08:01 3277920                    /home/priscylla/jdk1.8.0_111/jre/lib/amd64/libnet.so
7f2df9d51000-7f2df9f51000 ---p 00016000 08:01 3277920                    /home/priscylla/jdk1.8.0_111/jre/lib/amd64/libnet.so
7f2df9f51000-7f2df9f52000 rw-p 00016000 08:01 3277920                    /home/priscylla/jdk1.8.0_111/jre/lib/amd64/libnet.so
7f2df9f52000-7f2df9f55000 ---p 00000000 00:00 0 
7f2df9f55000-7f2dfa053000 rw-p 00000000 00:00 0 
7f2dfa053000-7f2dfa058000 r-xp 00000000 08:01 9838371                    /usr/lib/x86_64-linux-gnu/libXfixes.so.3.1.0
7f2dfa058000-7f2dfa257000 ---p 00005000 08:01 9838371                    /usr/lib/x86_64-linux-gnu/libXfixes.so.3.1.0
7f2dfa257000-7f2dfa258000 r--p 00004000 08:01 9838371                    /usr/lib/x86_64-linux-gnu/libXfixes.so.3.1.0
7f2dfa258000-7f2dfa259000 rw-p 00005000 08:01 9838371                    /usr/lib/x86_64-linux-gnu/libXfixes.so.3.1.0
7f2dfa259000-7f2dfa262000 r-xp 00000000 08:01 9838363                    /usr/lib/x86_64-linux-gnu/libXcursor.so.1.0.2
7f2dfa262000-7f2dfa461000 ---p 00009000 08:01 9838363                    /usr/lib/x86_64-linux-gnu/libXcursor.so.1.0.2
7f2dfa461000-7f2dfa462000 r--p 00008000 08:01 9838363                    /usr/lib/x86_64-linux-gnu/libXcursor.so.1.0.2
7f2dfa462000-7f2dfa463000 rw-p 00009000 08:01 9838363                    /usr/lib/x86_64-linux-gnu/libXcursor.so.1.0.2
7f2dfa463000-7f2dfa466000 ---p 00000000 00:00 0 
7f2dfa466000-7f2dfa564000 rw-p 00000000 00:00 0 
7f2dfa564000-7f2dfa57b000 r-xp 00000000 08:01 2626158                    /lib/x86_64-linux-gnu/libgcc_s.so.1
7f2dfa57b000-7f2dfa77a000 ---p 00017000 08:01 2626158                    /lib/x86_64-linux-gnu/libgcc_s.so.1
7f2dfa77a000-7f2dfa77b000 r--p 00016000 08:01 2626158                    /lib/x86_64-linux-gnu/libgcc_s.so.1
7f2dfa77b000-7f2dfa77c000 rw-p 00017000 08:01 2626158                    /lib/x86_64-linux-gnu/libgcc_s.so.1
7f2dfa77c000-7f2dfa7e1000 r-xp 00000000 08:01 3277765                    /home/priscylla/jdk1.8.0_111/jre/lib/amd64/libfontmanager.so
7f2dfa7e1000-7f2dfa9e0000 ---p 00065000 08:01 3277765                    /home/priscylla/jdk1.8.0_111/jre/lib/amd64/libfontmanager.so
7f2dfa9e0000-7f2dfa9e5000 rw-p 00064000 08:01 3277765                    /home/priscylla/jdk1.8.0_111/jre/lib/amd64/libfontmanager.so
7f2dfa9e5000-7f2dfa9f5000 rw-p 00000000 00:00 0 
7f2dfa9f5000-7f2dfaa08000 r-xp 00000000 08:01 2626117                    /lib/x86_64-linux-gnu/libbsd.so.0.8.7
7f2dfaa08000-7f2dfac07000 ---p 00013000 08:01 2626117                    /lib/x86_64-linux-gnu/libbsd.so.0.8.7
7f2dfac07000-7f2dfac08000 r--p 00012000 08:01 2626117                    /lib/x86_64-linux-gnu/libbsd.so.0.8.7
7f2dfac08000-7f2dfac09000 rw-p 00013000 08:01 2626117                    /lib/x86_64-linux-gnu/libbsd.so.0.8.7
7f2dfac09000-7f2dfac0a000 rw-p 00000000 00:00 0 
7f2dfac0a000-7f2dfac0f000 r-xp 00000000 08:01 9838367                    /usr/lib/x86_64-linux-gnu/libXdmcp.so.6.0.0
7f2dfac0f000-7f2dfae0e000 ---p 00005000 08:01 9838367                    /usr/lib/x86_64-linux-gnu/libXdmcp.so.6.0.0
7f2dfae0e000-7f2dfae0f000 r--p 00004000 08:01 9838367                    /usr/lib/x86_64-linux-gnu/libXdmcp.so.6.0.0
7f2dfae0f000-7f2dfae10000 rw-p 00005000 08:01 9838367                    /usr/lib/x86_64-linux-gnu/libXdmcp.so.6.0.0
7f2dfae10000-7f2dfae12000 r-xp 00000000 08:01 9838356                    /usr/lib/x86_64-linux-gnu/libXau.so.6.0.0
7f2dfae12000-7f2dfb012000 ---p 00002000 08:01 9838356                    /usr/lib/x86_64-linux-gnu/libXau.so.6.0.0
7f2dfb012000-7f2dfb013000 r--p 00002000 08:01 9838356                    /usr/lib/x86_64-linux-gnu/libXau.so.6.0.0
7f2dfb013000-7f2dfb014000 rw-p 00003000 08:01 9838356                    /usr/lib/x86_64-linux-gnu/libXau.so.6.0.0
7f2dfb014000-7f2dfb03a000 r-xp 00000000 08:01 9839560                    /usr/lib/x86_64-linux-gnu/libxcb.so.1.1.0
7f2dfb03a000-7f2dfb23a000 ---p 00026000 08:01 9839560                    /usr/lib/x86_64-linux-gnu/libxcb.so.1.1.0
7f2dfb23a000-7f2dfb23b000 r--p 00026000 08:01 9839560                    /usr/lib/x86_64-linux-gnu/libxcb.so.1.1.0
7f2dfb23b000-7f2dfb23c000 rw-p 00027000 08:01 9839560                    /usr/lib/x86_64-linux-gnu/libxcb.so.1.1.0
7f2dfb23c000-7f2dfb24b000 r-xp 00000000 08:01 9838377                    /usr/lib/x86_64-linux-gnu/libXi.so.6.1.0
7f2dfb24b000-7f2dfb44a000 ---p 0000f000 08:01 9838377                    /usr/lib/x86_64-linux-gnu/libXi.so.6.1.0
7f2dfb44a000-7f2dfb44b000 r--p 0000e000 08:01 9838377                    /usr/lib/x86_64-linux-gnu/libXi.so.6.1.0
7f2dfb44b000-7f2dfb44c000 rw-p 0000f000 08:01 9838377                    /usr/lib/x86_64-linux-gnu/libXi.so.6.1.0
7f2dfb44c000-7f2dfb451000 r-xp 00000000 08:01 9838395                    /usr/lib/x86_64-linux-gnu/libXtst.so.6.1.0
7f2dfb451000-7f2dfb650000 ---p 00005000 08:01 9838395                    /usr/lib/x86_64-linux-gnu/libXtst.so.6.1.0
7f2dfb650000-7f2dfb651000 r--p 00004000 08:01 9838395                    /usr/lib/x86_64-linux-gnu/libXtst.so.6.1.0
7f2dfb651000-7f2dfb652000 rw-p 00005000 08:01 9838395                    /usr/lib/x86_64-linux-gnu/libXtst.so.6.1.0
7f2dfb652000-7f2dfb65b000 r-xp 00000000 08:01 9838389                    /usr/lib/x86_64-linux-gnu/libXrender.so.1.3.0
7f2dfb65b000-7f2dfb85a000 ---p 00009000 08:01 9838389                    /usr/lib/x86_64-linux-gnu/libXrender.so.1.3.0
7f2dfb85a000-7f2dfb85b000 r--p 00008000 08:01 9838389                    /usr/lib/x86_64-linux-gnu/libXrender.so.1.3.0
7f2dfb85b000-7f2dfb85c000 rw-p 00009000 08:01 9838389                    /usr/lib/x86_64-linux-gnu/libXrender.so.1.3.0
7f2dfb85c000-7f2dfb990000 r-xp 00000000 08:01 9838352                    /usr/lib/x86_64-linux-gnu/libX11.so.6.3.0
7f2dfb990000-7f2dfbb90000 ---p 00134000 08:01 9838352                    /usr/lib/x86_64-linux-gnu/libX11.so.6.3.0
7f2dfbb90000-7f2dfbb91000 r--p 00134000 08:01 9838352                    /usr/lib/x86_64-linux-gnu/libX11.so.6.3.0
7f2dfbb91000-7f2dfbb95000 rw-p 00135000 08:01 9838352                    /usr/lib/x86_64-linux-gnu/libX11.so.6.3.0
7f2dfbb95000-7f2dfbba6000 r-xp 00000000 08:01 9838369                    /usr/lib/x86_64-linux-gnu/libXext.so.6.4.0
7f2dfbba6000-7f2dfbda5000 ---p 00011000 08:01 9838369                    /usr/lib/x86_64-linux-gnu/libXext.so.6.4.0
7f2dfbda5000-7f2dfbda6000 r--p 00010000 08:01 9838369                    /usr/lib/x86_64-linux-gnu/libXext.so.6.4.0
7f2dfbda6000-7f2dfbda7000 rw-p 00011000 08:01 9838369                    /usr/lib/x86_64-linux-gnu/libXext.so.6.4.0
7f2dfbda7000-7f2dfbdfb000 r-xp 00000000 08:01 3277818                    /home/priscylla/jdk1.8.0_111/jre/lib/amd64/libawt_xawt.so
7f2dfbdfb000-7f2dfbffb000 ---p 00054000 08:01 3277818                    /home/priscylla/jdk1.8.0_111/jre/lib/amd64/libawt_xawt.so
7f2dfbffb000-7f2dfbfff000 rw-p 00054000 08:01 3277818                    /home/priscylla/jdk1.8.0_111/jre/lib/amd64/libawt_xawt.so
7f2dfbfff000-7f2dfc000000 rw-p 00000000 00:00 0 
7f2dfc000000-7f2dfc021000 rw-p 00000000 00:00 0 
7f2dfc021000-7f2e00000000 ---p 00000000 00:00 0 
7f2e00000000-7f2e00021000 rw-p 00000000 00:00 0 
7f2e00021000-7f2e04000000 ---p 00000000 00:00 0 
7f2e04000000-7f2e040f5000 rw-p 00000000 00:00 0 
7f2e040f5000-7f2e08000000 ---p 00000000 00:00 0 
7f2e08000000-7f2e086d8000 rw-p 00000000 00:00 0 
7f2e086d8000-7f2e0c000000 ---p 00000000 00:00 0 
7f2e0c000000-7f2e0c021000 rw-p 00000000 00:00 0 
7f2e0c021000-7f2e10000000 ---p 00000000 00:00 0 
7f2e10000000-7f2e100f3000 rw-p 00000000 00:00 0 
7f2e100f3000-7f2e14000000 ---p 00000000 00:00 0 
7f2e14000000-7f2e1402f000 rw-p 00000000 00:00 0 
7f2e1402f000-7f2e18000000 ---p 00000000 00:00 0 
7f2e18000000-7f2e18036000 rw-p 00000000 00:00 0 
7f2e18036000-7f2e1c000000 ---p 00000000 00:00 0 
7f2e1c000000-7f2e1c021000 rw-p 00000000 00:00 0 
7f2e1c021000-7f2e20000000 ---p 00000000 00:00 0 
7f2e20000000-7f2e20021000 rw-p 00000000 00:00 0 
7f2e20021000-7f2e24000000 ---p 00000000 00:00 0 
7f2e24000000-7f2e24021000 rw-p 00000000 00:00 0 
7f2e24021000-7f2e28000000 ---p 00000000 00:00 0 
7f2e28000000-7f2e28021000 rw-p 00000000 00:00 0 
7f2e28021000-7f2e2c000000 ---p 00000000 00:00 0 
7f2e2c000000-7f2e2c021000 rw-p 00000000 00:00 0 
7f2e2c021000-7f2e30000000 ---p 00000000 00:00 0 
7f2e30000000-7f2e30021000 rw-p 00000000 00:00 0 
7f2e30021000-7f2e34000000 ---p 00000000 00:00 0 
7f2e34000000-7f2e34021000 rw-p 00000000 00:00 0 
7f2e34021000-7f2e38000000 ---p 00000000 00:00 0 
7f2e3801b000-7f2e38022000 rw-s 00000000 00:05 1529741337                 /SYSV00000000 (deleted)
7f2e38022000-7f2e3802c000 r--s 00115000 08:01 3277720                    /home/priscylla/jdk1.8.0_111/jre/lib/ext/localedata.jar
7f2e3802c000-7f2e38047000 r--s 0038e000 08:01 3277750                    /home/priscylla/jdk1.8.0_111/jre/lib/ext/cldrdata.jar
7f2e38047000-7f2e38052000 r--s 00000000 08:01 15990934                   /var/cache/fontconfig/945677eb7aeaf62f1d50efc3fb3ec7d8-le64.cache-7
7f2e38052000-7f2e38057000 r--s 00000000 08:01 15990905                   /var/cache/fontconfig/2300eef321c393bfd76478a5c0e95b23-le64.cache-7
7f2e38057000-7f2e38058000 r--s 00000000 08:01 15990898                   /var/cache/fontconfig/0d8c3b2ac0904cb8a57a757ad11a4a08-le64.cache-7
7f2e38058000-7f2e3806d000 r--s 00000000 08:01 15990894                   /var/cache/fontconfig/04aabc0a78ac019cf9454389977116d2-le64.cache-7
7f2e3806d000-7f2e3806e000 r--s 00000000 08:01 15990902                   /var/cache/fontconfig/1ac9eb803944fde146138c791f5cc56a-le64.cache-7
7f2e3806e000-7f2e3806f000 r--s 00000000 08:01 15990953                   /var/cache/fontconfig/dc05db6664285cc2f12bf69c139ae4c3-le64.cache-7
7f2e3806f000-7f2e38071000 r--s 00000000 08:01 15990899                   /var/cache/fontconfig/14a5e22175779b556eaa434240950366-le64.cache-7
7f2e38071000-7f2e38072000 r--s 00000000 08:01 15990926                   /var/cache/fontconfig/660208299946a285a940457d1287da33-le64.cache-7
7f2e38072000-7f2e38074000 r--s 00000000 08:01 15990917                   /var/cache/fontconfig/4f3e3037c9980c83b53a9351efadef62-le64.cache-7
7f2e38074000-7f2e38076000 r--s 00000000 08:01 15990931                   /var/cache/fontconfig/767a8244fc0220cfb567a839d0392e0b-le64.cache-7
7f2e38076000-7f2e38077000 r--s 00000000 08:01 15990912                   /var/cache/fontconfig/4794a0821666d79190d59a36cb4f44b5-le64.cache-7
7f2e38077000-7f2e38079000 r--s 00000000 08:01 15990896                   /var/cache/fontconfig/0bd3dc0958fa2205aaaa8ebb13e2872b-le64.cache-7
7f2e38079000-7f2e3807e000 r--s 00000000 08:01 15990954                   /var/cache/fontconfig/def309198bfa603429122923fa2bb2d4-le64.cache-7
7f2e3807e000-7f2e3807f000 r--s 00000000 08:01 15990942                   /var/cache/fontconfig/b872e6e592da6075ffa4ab0a1fcc0c75-le64.cache-7
7f2e3807f000-7f2e38080000 r--s 00000000 08:01 15990959                   /var/cache/fontconfig/f6d4eedfaab2589bde49f7a3ff831d22-le64.cache-7
7f2e38080000-7f2e38081000 r--s 00000000 08:01 15990924                   /var/cache/fontconfig/589f83ef4c36d296ce6e1c846f468f08-le64.cache-7
7f2e38081000-7f2e38082000 r--s 00000000 08:01 15990944                   /var/cache/fontconfig/bab58bb527bb656aaa9f116d68a48d89-le64.cache-7
7f2e38082000-7f2e38083000 r--s 00000000 08:01 15990903                   /var/cache/fontconfig/2171a34dccabdb6bcbbc728186263178-le64.cache-7
7f2e38083000-7f2e38084000 r--s 00000000 08:01 15990945                   /var/cache/fontconfig/c5c45a61289222e0d30b1a26ef4effbe-le64.cache-7
7f2e38084000-7f2e38085000 r--s 00000000 08:01 15990940                   /var/cache/fontconfig/aec30016f93e1b46d1a973dce0d74068-le64.cache-7
7f2e38085000-7f2e38086000 r--s 00000000 08:01 15990910                   /var/cache/fontconfig/3f589640d34b7dc9042c8d453f7c8b9c-le64.cache-7
7f2e38086000-7f2e38087000 r--s 00000000 08:01 15990900                   /var/cache/fontconfig/16c2fda60d1b4b719f4b3d06fd951d25-le64.cache-7
7f2e38087000-7f2e38088000 r--s 00000000 08:01 15990939                   /var/cache/fontconfig/a48eab177a16e4f3713381162db2f3e9-le64.cache-7
7f2e38088000-7f2e38089000 r--s 00000000 08:01 15990920                   /var/cache/fontconfig/564b2e68ac9bc4e36a6f7f6d6125ec1c-le64.cache-7
7f2e38089000-7f2e3808e000 r--s 00000000 08:01 15990937                   /var/cache/fontconfig/9d2451b1fd30e5bffe8383fd27c35478-le64.cache-7
7f2e3808e000-7f2e38094000 r--s 00000000 08:01 15990906                   /var/cache/fontconfig/3047814df9a2f067bd2d96a2b9c36e5a-le64.cache-7
7f2e38094000-7f2e38095000 r--s 00000000 08:01 15990921                   /var/cache/fontconfig/56cf4f4769d0f4abc89a4895d7bd3ae1-le64.cache-7
7f2e38095000-7f2e38096000 r--s 00000000 08:01 15990943                   /var/cache/fontconfig/b9d506c9ac06c20b433354fa67a72993-le64.cache-7
7f2e38096000-7f2e3809c000 r--s 00000000 08:01 15990941                   /var/cache/fontconfig/b47c4e1ecd0709278f4910c18777a504-le64.cache-7
7f2e3809c000-7f2e380af000 r--s 00000000 08:01 15990950                   /var/cache/fontconfig/d52a8644073d54c13679302ca1180695-le64.cache-7
7f2e380af000-7f2e380b0000 r--s 00000000 08:01 15990908                   /var/cache/fontconfig/370e5b74bf5dafc30834de68e24a87a4-le64.cache-7
7f2e380b0000-7f2e380b1000 r--s 00000000 08:01 15990929                   /var/cache/fontconfig/6b2c5944714ca7831b25bed9e85cb5c8-le64.cache-7
7f2e380b1000-7f2e380b2000 r--s 00000000 08:01 15990949                   /var/cache/fontconfig/d5178ab6d91b49bf20a416737dcea9e8-le64.cache-7
7f2e380b2000-7f2e380b5000 r--s 00000000 08:01 15990958                   /var/cache/fontconfig/f259c2cffa685e28062317905db73c4a-le64.cache-7
7f2e380b5000-7f2e380b7000 r--s 00000000 08:01 15990918                   /var/cache/fontconfig/550f3886151c940c12a5ed35f6a00586-le64.cache-7
7f2e380b7000-7f2e380ba000 r--s 00000000 08:01 15990927                   /var/cache/fontconfig/674d1711f2d1d2a09646eb0bdcadee49-le64.cache-7
7f2e380ba000-7f2e380c8000 r--s 00000000 08:01 15990936                   /var/cache/fontconfig/9b89f8e3dae116d678bbf48e5f21f69b-le64.cache-7
7f2e380c8000-7f2e3816a000 r-xp 00000000 08:01 3277922                    /home/priscylla/jdk1.8.0_111/jre/lib/amd64/libawt.so
7f2e3816a000-7f2e3836a000 ---p 000a2000 08:01 3277922                    /home/priscylla/jdk1.8.0_111/jre/lib/amd64/libawt.so
7f2e3836a000-7f2e38376000 rw-p 000a2000 08:01 3277922                    /home/priscylla/jdk1.8.0_111/jre/lib/amd64/libawt.so
7f2e38376000-7f2e3839a000 rw-p 00000000 00:00 0 
7f2e3839a000-7f2e3839b000 ---p 00000000 00:00 0 
7f2e3839b000-7f2e3849b000 rw-p 00000000 00:00 0 
7f2e3849b000-7f2e3849e000 ---p 00000000 00:00 0 
7f2e3849e000-7f2e3859c000 rw-p 00000000 00:00 0 
7f2e3859c000-7f2e3859d000 ---p 00000000 00:00 0 
7f2e3859d000-7f2e385a0000 ---p 00000000 00:00 0 
7f2e385a0000-7f2e3869d000 rw-p 00000000 00:00 0 
7f2e3869d000-7f2e3869e000 ---p 00000000 00:00 0 
7f2e3869e000-7f2e386a1000 ---p 00000000 00:00 0 
7f2e386a1000-7f2e3879e000 rw-p 00000000 00:00 0 
7f2e3879e000-7f2e3879f000 ---p 00000000 00:00 0 
7f2e3879f000-7f2e387a2000 ---p 00000000 00:00 0 
7f2e387a2000-7f2e3889f000 rw-p 00000000 00:00 0 
7f2e3889f000-7f2e388a2000 ---p 00000000 00:00 0 
7f2e388a2000-7f2e389a0000 rw-p 00000000 00:00 0 
7f2e389a0000-7f2e389a3000 ---p 00000000 00:00 0 
7f2e389a3000-7f2e38aa1000 rw-p 00000000 00:00 0 
7f2e38aa1000-7f2e38aa4000 ---p 00000000 00:00 0 
7f2e38aa4000-7f2e38ba2000 rw-p 00000000 00:00 0 
7f2e38ba2000-7f2e38ba6000 r-xp 00000000 08:01 3277791                    /home/priscylla/jdk1.8.0_111/jre/lib/amd64/libdt_socket.so
7f2e38ba6000-7f2e38da5000 ---p 00004000 08:01 3277791                    /home/priscylla/jdk1.8.0_111/jre/lib/amd64/libdt_socket.so
7f2e38da5000-7f2e38da6000 rw-p 00003000 08:01 3277791                    /home/priscylla/jdk1.8.0_111/jre/lib/amd64/libdt_socket.so
7f2e38da6000-7f2e38da9000 ---p 00000000 00:00 0 
7f2e38da9000-7f2e38ea7000 rw-p 00000000 00:00 0 
7f2e38ea7000-7f2e38eaa000 ---p 00000000 00:00 0 
7f2e38eaa000-7f2e38fa8000 rw-p 00000000 00:00 0 
7f2e38fa8000-7f2e38fab000 ---p 00000000 00:00 0 
7f2e38fab000-7f2e390a9000 rw-p 00000000 00:00 0 
7f2e390a9000-7f2e390aa000 ---p 00000000 00:00 0 
7f2e390aa000-7f2e39fb8000 rw-p 00000000 00:00 0 
7f2e39fb8000-7f2e3a190000 r--s 03d2a000 08:01 3278030                    /home/priscylla/jdk1.8.0_111/jre/lib/rt.jar
7f2e3a190000-7f2e3c000000 rw-p 00000000 00:00 0 
7f2e3c000000-7f2e3c021000 rw-p 00000000 00:00 0 
7f2e3c021000-7f2e40000000 ---p 00000000 00:00 0 
7f2e40000000-7f2e40001000 r--s 00000000 08:01 15990919                   /var/cache/fontconfig/551ecf3b0e8b0bca0f25c0944f561853-le64.cache-7
7f2e40001000-7f2e4000d000 r--s 00000000 08:01 16001559                   /var/cache/fontconfig/d589a48862398ed80a3d6066f4f56f4c-le64.cache-7
7f2e4000d000-7f2e40033000 r--p 00000000 08:01 11536925                   /usr/share/locale-langpack/pt_BR/LC_MESSAGES/libc.mo
7f2e40033000-7f2e4031f000 rw-p 00000000 00:00 0 
7f2e4031f000-7f2e40320000 ---p 00000000 00:00 0 
7f2e40320000-7f2e40420000 rw-p 00000000 00:00 0 
7f2e40420000-7f2e40421000 ---p 00000000 00:00 0 
7f2e40421000-7f2e40521000 rw-p 00000000 00:00 0 
7f2e40521000-7f2e40522000 ---p 00000000 00:00 0 
7f2e40522000-7f2e40622000 rw-p 00000000 00:00 0 
7f2e40622000-7f2e40623000 ---p 00000000 00:00 0 
7f2e40623000-7f2e40733000 rw-p 00000000 00:00 0 
7f2e40733000-7f2e40813000 ---p 00000000 00:00 0 
7f2e40813000-7f2e40823000 rw-p 00000000 00:00 0 
7f2e40823000-7f2e40bd3000 ---p 00000000 00:00 0 
7f2e40bd3000-7f2e40fa3000 rwxp 00000000 00:00 0 
7f2e40fa3000-7f2e4fbd3000 ---p 00000000 00:00 0 
7f2e4fbd3000-7f2e4fbed000 r-xp 00000000 08:01 3277918                    /home/priscylla/jdk1.8.0_111/jre/lib/amd64/libzip.so
7f2e4fbed000-7f2e4fded000 ---p 0001a000 08:01 3277918                    /home/priscylla/jdk1.8.0_111/jre/lib/amd64/libzip.so
7f2e4fded000-7f2e4fdee000 rw-p 0001a000 08:01 3277918                    /home/priscylla/jdk1.8.0_111/jre/lib/amd64/libzip.so
7f2e4fdee000-7f2e4fdf9000 r-xp 00000000 08:01 2626211                    /lib/x86_64-linux-gnu/libnss_files-2.27.so
7f2e4fdf9000-7f2e4fff8000 ---p 0000b000 08:01 2626211                    /lib/x86_64-linux-gnu/libnss_files-2.27.so
7f2e4fff8000-7f2e4fff9000 r--p 0000a000 08:01 2626211                    /lib/x86_64-linux-gnu/libnss_files-2.27.so
7f2e4fff9000-7f2e4fffa000 rw-p 0000b000 08:01 2626211                    /lib/x86_64-linux-gnu/libnss_files-2.27.so
7f2e4fffa000-7f2e50000000 rw-p 00000000 00:00 0 
7f2e50000000-7f2e502a6000 rw-p 00000000 00:00 0 
7f2e502a6000-7f2e54000000 ---p 00000000 00:00 0 
7f2e54000000-7f2e54001000 r--s 00000000 08:01 15990911                   /var/cache/fontconfig/3f7329c5293ffd510edef78f73874cfd-le64.cache-7
7f2e54001000-7f2e54002000 r--s 00000000 08:01 15990897                   /var/cache/fontconfig/0c9eb80ebd1c36541ebe2852d3bb0c49-le64.cache-7
7f2e54002000-7f2e54009000 r--s 00000000 08:01 10095565                   /usr/lib/x86_64-linux-gnu/gconv/gconv-modules.cache
7f2e54009000-7f2e540b0000 rw-p 00000000 00:00 0 
7f2e540b0000-7f2e5418f000 ---p 00000000 00:00 0 
7f2e5418f000-7f2e54197000 rw-p 00000000 00:00 0 
7f2e54197000-7f2e54207000 ---p 00000000 00:00 0 
7f2e54207000-7f2e54208000 rw-p 00000000 00:00 0 
7f2e54208000-7f2e5421f000 r-xp 00000000 08:01 2626205                    /lib/x86_64-linux-gnu/libnsl-2.27.so
7f2e5421f000-7f2e5441e000 ---p 00017000 08:01 2626205                    /lib/x86_64-linux-gnu/libnsl-2.27.so
7f2e5441e000-7f2e5441f000 r--p 00016000 08:01 2626205                    /lib/x86_64-linux-gnu/libnsl-2.27.so
7f2e5441f000-7f2e54420000 rw-p 00017000 08:01 2626205                    /lib/x86_64-linux-gnu/libnsl-2.27.so
7f2e54420000-7f2e54422000 rw-p 00000000 00:00 0 
7f2e54422000-7f2e5442d000 r-xp 00000000 08:01 2626222                    /lib/x86_64-linux-gnu/libnss_nis-2.27.so
7f2e5442d000-7f2e5462c000 ---p 0000b000 08:01 2626222                    /lib/x86_64-linux-gnu/libnss_nis-2.27.so
7f2e5462c000-7f2e5462d000 r--p 0000a000 08:01 2626222                    /lib/x86_64-linux-gnu/libnss_nis-2.27.so
7f2e5462d000-7f2e5462e000 rw-p 0000b000 08:01 2626222                    /lib/x86_64-linux-gnu/libnss_nis-2.27.so
7f2e5462e000-7f2e54636000 r-xp 00000000 08:01 2626207                    /lib/x86_64-linux-gnu/libnss_compat-2.27.so
7f2e54636000-7f2e54836000 ---p 00008000 08:01 2626207                    /lib/x86_64-linux-gnu/libnss_compat-2.27.so
7f2e54836000-7f2e54837000 r--p 00008000 08:01 2626207                    /lib/x86_64-linux-gnu/libnss_compat-2.27.so
7f2e54837000-7f2e54838000 rw-p 00009000 08:01 2626207                    /lib/x86_64-linux-gnu/libnss_compat-2.27.so
7f2e54838000-7f2e55207000 r--p 00000000 08:01 9837254                    /usr/lib/locale/locale-archive
7f2e55207000-7f2e55209000 r-xp 00000000 08:01 3277916                    /home/priscylla/jdk1.8.0_111/jre/lib/amd64/libnpt.so
7f2e55209000-7f2e55409000 ---p 00002000 08:01 3277916                    /home/priscylla/jdk1.8.0_111/jre/lib/amd64/libnpt.so
7f2e55409000-7f2e5540a000 rw-p 00002000 08:01 3277916                    /home/priscylla/jdk1.8.0_111/jre/lib/amd64/libnpt.so
7f2e5540a000-7f2e55443000 r-xp 00000000 08:01 3277888                    /home/priscylla/jdk1.8.0_111/jre/lib/amd64/libjdwp.so
7f2e55443000-7f2e55642000 ---p 00039000 08:01 3277888                    /home/priscylla/jdk1.8.0_111/jre/lib/amd64/libjdwp.so
7f2e55642000-7f2e55644000 rw-p 00038000 08:01 3277888                    /home/priscylla/jdk1.8.0_111/jre/lib/amd64/libjdwp.so
7f2e55644000-7f2e5566f000 r-xp 00000000 08:01 3277893                    /home/priscylla/jdk1.8.0_111/jre/lib/amd64/libjava.so
7f2e5566f000-7f2e5586e000 ---p 0002b000 08:01 3277893                    /home/priscylla/jdk1.8.0_111/jre/lib/amd64/libjava.so
7f2e5586e000-7f2e55870000 rw-p 0002a000 08:01 3277893                    /home/priscylla/jdk1.8.0_111/jre/lib/amd64/libjava.so
7f2e55870000-7f2e5587d000 r-xp 00000000 08:01 3277858                    /home/priscylla/jdk1.8.0_111/jre/lib/amd64/libverify.so
7f2e5587d000-7f2e55a7c000 ---p 0000d000 08:01 3277858                    /home/priscylla/jdk1.8.0_111/jre/lib/amd64/libverify.so
7f2e55a7c000-7f2e55a7e000 rw-p 0000c000 08:01 3277858                    /home/priscylla/jdk1.8.0_111/jre/lib/amd64/libverify.so
7f2e55a7e000-7f2e55a85000 r-xp 00000000 08:01 2626262                    /lib/x86_64-linux-gnu/librt-2.27.so
7f2e55a85000-7f2e55c84000 ---p 00007000 08:01 2626262                    /lib/x86_64-linux-gnu/librt-2.27.so
7f2e55c84000-7f2e55c85000 r--p 00006000 08:01 2626262                    /lib/x86_64-linux-gnu/librt-2.27.so
7f2e55c85000-7f2e55c86000 rw-p 00007000 08:01 2626262                    /lib/x86_64-linux-gnu/librt-2.27.so
7f2e55c86000-7f2e55e23000 r-xp 00000000 08:01 2626184                    /lib/x86_64-linux-gnu/libm-2.27.so
7f2e55e23000-7f2e56022000 ---p 0019d000 08:01 2626184                    /lib/x86_64-linux-gnu/libm-2.27.so
7f2e56022000-7f2e56023000 r--p 0019c000 08:01 2626184                    /lib/x86_64-linux-gnu/libm-2.27.so
7f2e56023000-7f2e56024000 rw-p 0019d000 08:01 2626184                    /lib/x86_64-linux-gnu/libm-2.27.so
7f2e56024000-7f2e56cf1000 r-xp 00000000 08:01 3277778                    /home/priscylla/jdk1.8.0_111/jre/lib/amd64/server/libjvm.so
7f2e56cf1000-7f2e56ef0000 ---p 00ccd000 08:01 3277778                    /home/priscylla/jdk1.8.0_111/jre/lib/amd64/server/libjvm.so
7f2e56ef0000-7f2e56fc9000 rw-p 00ccc000 08:01 3277778                    /home/priscylla/jdk1.8.0_111/jre/lib/amd64/server/libjvm.so
7f2e56fc9000-7f2e57014000 rw-p 00000000 00:00 0 
7f2e57014000-7f2e571fb000 r-xp 00000000 08:01 2626121                    /lib/x86_64-linux-gnu/libc-2.27.so
7f2e571fb000-7f2e573fb000 ---p 001e7000 08:01 2626121                    /lib/x86_64-linux-gnu/libc-2.27.so
7f2e573fb000-7f2e573ff000 r--p 001e7000 08:01 2626121                    /lib/x86_64-linux-gnu/libc-2.27.so
7f2e573ff000-7f2e57401000 rw-p 001eb000 08:01 2626121                    /lib/x86_64-linux-gnu/libc-2.27.so
7f2e57401000-7f2e57405000 rw-p 00000000 00:00 0 
7f2e57405000-7f2e57408000 r-xp 00000000 08:01 2626144                    /lib/x86_64-linux-gnu/libdl-2.27.so
7f2e57408000-7f2e57607000 ---p 00003000 08:01 2626144                    /lib/x86_64-linux-gnu/libdl-2.27.so
7f2e57607000-7f2e57608000 r--p 00002000 08:01 2626144                    /lib/x86_64-linux-gnu/libdl-2.27.so
7f2e57608000-7f2e57609000 rw-p 00003000 08:01 2626144                    /lib/x86_64-linux-gnu/libdl-2.27.so
7f2e57609000-7f2e5761e000 r-xp 00000000 08:01 1969570                    /home/priscylla/jdk1.8.0_111/lib/amd64/jli/libjli.so
7f2e5761e000-7f2e5781e000 ---p 00015000 08:01 1969570                    /home/priscylla/jdk1.8.0_111/lib/amd64/jli/libjli.so
7f2e5781e000-7f2e5781f000 rw-p 00015000 08:01 1969570                    /home/priscylla/jdk1.8.0_111/lib/amd64/jli/libjli.so
7f2e5781f000-7f2e57839000 r-xp 00000000 08:01 2626254                    /lib/x86_64-linux-gnu/libpthread-2.27.so
7f2e57839000-7f2e57a38000 ---p 0001a000 08:01 2626254                    /lib/x86_64-linux-gnu/libpthread-2.27.so
7f2e57a38000-7f2e57a39000 r--p 00019000 08:01 2626254                    /lib/x86_64-linux-gnu/libpthread-2.27.so
7f2e57a39000-7f2e57a3a000 rw-p 0001a000 08:01 2626254                    /lib/x86_64-linux-gnu/libpthread-2.27.so
7f2e57a3a000-7f2e57a3e000 rw-p 00000000 00:00 0 
7f2e57a3e000-7f2e57a65000 r-xp 00000000 08:01 2626093                    /lib/x86_64-linux-gnu/ld-2.27.so
7f2e57a65000-7f2e57a66000 r--s 00000000 08:01 15990904                   /var/cache/fontconfig/22368d551a680bfe5a62c02760edf4ea-le64.cache-7
7f2e57a66000-7f2e57a67000 r--s 00000000 08:01 15990916                   /var/cache/fontconfig/4d9c95eba1cb85bbcf2878543262124a-le64.cache-7
7f2e57a67000-7f2e57a68000 r--s 00000000 08:01 15990933                   /var/cache/fontconfig/85e0a52ce643a7ba2ae53e5d6949cead-le64.cache-7
7f2e57a68000-7f2e57a69000 r--s 00000000 08:01 15990913                   /var/cache/fontconfig/49f0de54bdd920fe4f0dfd4cbac43e6b-le64.cache-7
7f2e57a69000-7f2e57a6a000 r--s 00000000 08:01 15990960                   /var/cache/fontconfig/f6e6e0a5c3d2f6ae0c0c2e0ecd42a997-le64.cache-7
7f2e57a6a000-7f2e57b4b000 rw-p 00000000 00:00 0 
7f2e57b4b000-7f2e57b4c000 ---p 00000000 00:00 0 
7f2e57b4c000-7f2e57b4f000 ---p 00000000 00:00 0 
7f2e57b4f000-7f2e57c4e000 rw-p 00000000 00:00 0 
7f2e57c4e000-7f2e57c4f000 r--s 00000000 08:01 15990914                   /var/cache/fontconfig/4b2eda6bb976bda485cb2176619421d5-le64.cache-7
7f2e57c4f000-7f2e57c51000 r--s 00000000 08:01 15990928                   /var/cache/fontconfig/6afa1bb216ce958c1589e297e8008489-le64.cache-7
7f2e57c51000-7f2e57c54000 r--s 00000000 08:01 15990955                   /var/cache/fontconfig/e13b20fdb08344e0e664864cc2ede53d-le64.cache-7
7f2e57c54000-7f2e57c59000 r--s 002f8000 08:01 3277819                    /home/priscylla/jdk1.8.0_111/jre/lib/charsets.jar
7f2e57c59000-7f2e57c61000 rw-s 00000000 08:01 11410846                   /tmp/hsperfdata_priscylla/29163
7f2e57c61000-7f2e57c62000 rw-p 00000000 00:00 0 
7f2e57c62000-7f2e57c63000 ---p 00000000 00:00 0 
7f2e57c63000-7f2e57c65000 rw-p 00000000 00:00 0 
7f2e57c65000-7f2e57c66000 r--p 00027000 08:01 2626093                    /lib/x86_64-linux-gnu/ld-2.27.so
7f2e57c66000-7f2e57c67000 rw-p 00028000 08:01 2626093                    /lib/x86_64-linux-gnu/ld-2.27.so
7f2e57c67000-7f2e57c68000 rw-p 00000000 00:00 0 
7ffd6f446000-7ffd6f467000 rw-p 00000000 00:00 0                          [stack]
7ffd6f5bf000-7ffd6f5c2000 r--p 00000000 00:00 0                          [vvar]
7ffd6f5c2000-7ffd6f5c4000 r-xp 00000000 00:00 0                          [vdso]
ffffffffff600000-ffffffffff601000 r-xp 00000000 00:00 0                  [vsyscall]

VM Arguments:
jvm_args: -Xdebug -Xrunjdwp:transport=dt_socket,address=localhost:39393 -Dfile.encoding=UTF-8 
java_command: view.Login
java_class_path (initial): /home/priscylla/NetBeansProjects/Projeto/build/classes
Launcher Type: SUN_STANDARD

Environment Variables:
PATH=/usr/local/sbin:/usr/local/bin:/usr/sbin:/usr/bin:/sbin:/bin:/usr/games:/usr/local/games:/snap/bin
USERNAME=priscylla
LD_LIBRARY_PATH=/home/priscylla/jdk1.8.0_111/jre/lib/amd64:/home/priscylla/jdk1.8.0_111/jre/lib/i386:
SHELL=/bin/bash
DISPLAY=:0

Signal Handlers:
SIGSEGV: [libjvm.so+0xac64b0], sa_mask[0]=11111111011111111101111111111110, sa_flags=SA_RESTART|SA_SIGINFO
SIGBUS: [libjvm.so+0xac64b0], sa_mask[0]=11111111011111111101111111111110, sa_flags=SA_RESTART|SA_SIGINFO
SIGFPE: [libjvm.so+0x91f950], sa_mask[0]=11111111011111111101111111111110, sa_flags=SA_RESTART|SA_SIGINFO
SIGPIPE: [libjvm.so+0x91f950], sa_mask[0]=11111111011111111101111111111110, sa_flags=SA_RESTART|SA_SIGINFO
SIGXFSZ: [libjvm.so+0x91f950], sa_mask[0]=11111111011111111101111111111110, sa_flags=SA_RESTART|SA_SIGINFO
SIGILL: [libjvm.so+0x91f950], sa_mask[0]=11111111011111111101111111111110, sa_flags=SA_RESTART|SA_SIGINFO
SIGUSR1: SIG_DFL, sa_mask[0]=00000000000000000000000000000000, sa_flags=none
SIGUSR2: [libjvm.so+0x920f80], sa_mask[0]=00100000000000000000000000000000, sa_flags=SA_RESTART|SA_SIGINFO
SIGHUP: [libjvm.so+0x922380], sa_mask[0]=11111111011111111101111111111110, sa_flags=SA_RESTART|SA_SIGINFO
SIGINT: SIG_IGN, sa_mask[0]=00000000000000000000000000000000, sa_flags=none
SIGTERM: [libjvm.so+0x922380], sa_mask[0]=11111111011111111101111111111110, sa_flags=SA_RESTART|SA_SIGINFO
SIGQUIT: [libjvm.so+0x922380], sa_mask[0]=11111111011111111101111111111110, sa_flags=SA_RESTART|SA_SIGINFO


---------------  S Y S T E M  ---------------

OS:DISTRIB_ID=Ubuntu
DISTRIB_RELEASE=18.04
DISTRIB_CODENAME=bionic
DISTRIB_DESCRIPTION="Ubuntu 18.04 LTS"

uname:Linux 4.15.0-22-generic #24-Ubuntu SMP Wed May 16 12:15:17 UTC 2018 x86_64
libc:glibc 2.27 NPTL 2.27 
rlimit: STACK 8192k, CORE 0k, NPROC 11230, NOFILE 1048576, AS infinity
load average:25,42 39,91 24,26

/proc/meminfo:
MemTotal:        2933792 kB
MemFree:         2160904 kB
MemAvailable:    2298428 kB
Buffers:           14964 kB
Cached:           259348 kB
SwapCached:         7020 kB
Active:           435332 kB
Inactive:         178780 kB
Active(anon):     311736 kB
Inactive(anon):    46448 kB
Active(file):     123596 kB
Inactive(file):   132332 kB
Unevictable:           0 kB
Mlocked:               0 kB
SwapTotal:       2097148 kB
SwapFree:        1724220 kB
Dirty:               828 kB
Writeback:           616 kB
AnonPages:        336460 kB
Mapped:            78848 kB
Shmem:             18340 kB
Slab:              83864 kB
SReclaimable:      33292 kB
SUnreclaim:        50572 kB
KernelStack:        9392 kB
PageTables:        22536 kB
NFS_Unstable:          0 kB
Bounce:                0 kB
WritebackTmp:          0 kB
CommitLimit:     3564044 kB
Committed_AS:    3116488 kB
VmallocTotal:   34359738367 kB
VmallocUsed:           0 kB
VmallocChunk:          0 kB
HardwareCorrupted:     0 kB
AnonHugePages:         0 kB
ShmemHugePages:        0 kB
ShmemPmdMapped:        0 kB
CmaTotal:              0 kB
CmaFree:               0 kB
HugePages_Total:       0
HugePages_Free:        0
HugePages_Rsvd:        0
HugePages_Surp:        0
Hugepagesize:       2048 kB
DirectMap4k:      213248 kB
DirectMap2M:     2791424 kB


CPU:total 4 (2 cores per cpu, 2 threads per core) family 6 model 37 stepping 5, cmov, cx8, fxsr, mmx, sse, sse2, sse3, ssse3, sse4.1, sse4.2, popcnt, ht, tsc, tscinvbit

/proc/cpuinfo:
processor	: 0
vendor_id	: GenuineIntel
cpu family	: 6
model		: 37
model name	: Intel(R) Core(TM) i3 CPU       M 370  @ 2.40GHz
stepping	: 5
microcode	: 0x2
cpu MHz		: 952.880
cache size	: 3072 KB
physical id	: 0
siblings	: 4
core id		: 0
cpu cores	: 2
apicid		: 0
initial apicid	: 0
fpu		: yes
fpu_exception	: yes
cpuid level	: 11
wp		: yes
flags		: fpu vme de pse tsc msr pae mce cx8 apic sep mtrr pge mca cmov pat pse36 clflush dts acpi mmx fxsr sse sse2 ss ht tm pbe syscall nx rdtscp lm constant_tsc arch_perfmon pebs bts rep_good nopl xtopology nonstop_tsc cpuid aperfmperf pni dtes64 monitor ds_cpl vmx est tm2 ssse3 cx16 xtpr pdcm pcid sse4_1 sse4_2 popcnt lahf_lm pti tpr_shadow vnmi flexpriority ept vpid dtherm arat
bugs		: cpu_meltdown spectre_v1 spectre_v2 spec_store_bypass
bogomips	: 4787.61
clflush size	: 64
cache_alignment	: 64
address sizes	: 36 bits physical, 48 bits virtual
power management:

processor	: 1
vendor_id	: GenuineIntel
cpu family	: 6
model		: 37
model name	: Intel(R) Core(TM) i3 CPU       M 370  @ 2.40GHz
stepping	: 5
microcode	: 0x2
cpu MHz		: 1221.697
cache size	: 3072 KB
physical id	: 0
siblings	: 4
core id		: 0
cpu cores	: 3
apicid		: 1
initial apicid	: 1
fpu		: yes
fpu_exception	: yes
cpuid level	: 11
wp		: yes
flags		: fpu vme de pse tsc msr pae mce cx8 apic sep mtrr pge mca cmov pat pse36 clflush dts acpi mmx fxsr sse sse2 ss ht tm pbe syscall nx rdtscp lm constant_tsc arch_perfmon pebs bts rep_good nopl xtopology nonstop_tsc cpuid aperfmperf pni dtes64 monitor ds_cpl vmx est tm2 ssse3 cx16 xtpr pdcm pcid sse4_1 sse4_2 popcnt lahf_lm pti tpr_shadow vnmi flexpriority ept vpid dtherm arat
bugs		: cpu_meltdown spectre_v1 spectre_v2 spec_store_bypass
bogomips	: 4787.61
clflush size	: 64
cache_alignment	: 64
address sizes	: 36 bits physical, 48 bits virtual
power management:

processor	: 2
vendor_id	: GenuineIntel
cpu family	: 6
model		: 37
model name	: Intel(R) Core(TM) i3 CPU       M 370  @ 2.40GHz
stepping	: 5
microcode	: 0x2
cpu MHz		: 2001.752
cache size	: 3072 KB
physical id	: 0
siblings	: 4
core id		: 2
cpu cores	: 4
apicid		: 4
initial apicid	: 4
fpu		: yes
fpu_exception	: yes
cpuid level	: 11
wp		: yes
flags		: fpu vme de pse tsc msr pae mce cx8 apic sep mtrr pge mca cmov pat pse36 clflush dts acpi mmx fxsr sse sse2 ss ht tm pbe syscall nx rdtscp lm constant_tsc arch_perfmon pebs bts rep_good nopl xtopology nonstop_tsc cpuid aperfmperf pni dtes64 monitor ds_cpl vmx est tm2 ssse3 cx16 xtpr pdcm pcid sse4_1 sse4_2 popcnt lahf_lm pti tpr_shadow vnmi flexpriority ept vpid dtherm arat
bugs		: cpu_meltdown spectre_v1 spectre_v2 spec_store_bypass
bogomips	: 4787.61
clflush size	: 64
cache_alignment	: 64
address sizes	: 36 bits physical, 48 bits virtual
power management:

processor	: 3
vendor_id	: GenuineIntel
cpu family	: 6
model		: 37
model name	: Intel(R) Core(TM) i3 CPU       M 370  @ 2.40GHz
stepping	: 5
microcode	: 0x2
cpu MHz		: 2149.354
cache size	: 3072 KB
physical id	: 0
siblings	: 4
core id		: 2
cpu cores	: 1
apicid		: 5
initial apicid	: 5
fpu		: yes
fpu_exception	: yes
cpuid level	: 11
wp		: yes
flags		: fpu vme de pse tsc msr pae mce cx8 apic sep mtrr pge mca cmov pat pse36 clflush dts acpi mmx fxsr sse sse2 ss ht tm pbe syscall nx rdtscp lm constant_tsc arch_perfmon pebs bts rep_good nopl xtopology nonstop_tsc cpuid aperfmperf pni dtes64 monitor ds_cpl vmx est tm2 ssse3 cx16 xtpr pdcm pcid sse4_1 sse4_2 popcnt lahf_lm pti tpr_shadow vnmi flexpriority ept vpid dtherm arat
bugs		: cpu_meltdown spectre_v1 spectre_v2 spec_store_bypass
bogomips	: 4787.61
clflush size	: 64
cache_alignment	: 64
address sizes	: 36 bits physical, 48 bits virtual
power management:



Memory: 4k page, physical 2933792k(2160904k free), swap 2097148k(1724220k free)

vm_info: Java HotSpot(TM) 64-Bit Server VM (25.111-b14) for linux-amd64 JRE (1.8.0_111-b14), built on Sep 22 2016 16:14:03 by "java_re" with gcc 4.3.0 20080428 (Red Hat 4.3.0-8)

time: Mon May 28 21:52:03 2018
elapsed time: 1362 seconds (0d 0h 22m 42s)

